This is pdfTeX, Version 3.141592653-2.6-1.40.25 (TeX Live 2023) (preloaded format=pdflatex 2023.4.25)  2 JUN 2023 11:58
entering extended mode
 restricted \write18 enabled.
 file:line:error style messages enabled.
 %&-line parsing enabled.
**Report.tex
(./Report.tex
LaTeX2e <2022-11-01> patch level 1
L3 programming layer <2023-02-22> (/usr/local/texlive/2023basic/texmf-dist/tex/latex/base/article.cls
Document Class: article 2022/07/02 v1.4n Standard LaTeX document class
(/usr/local/texlive/2023basic/texmf-dist/tex/latex/base/size11.clo
File: size11.clo 2022/07/02 v1.4n Standard LaTeX file (size option)
)
\c@part=\count185
\c@section=\count186
\c@subsection=\count187
\c@subsubsection=\count188
\c@paragraph=\count189
\c@subparagraph=\count190
\c@figure=\count191
\c@table=\count192
\abovecaptionskip=\skip48
\belowcaptionskip=\skip49
\bibindent=\dimen140
) (/usr/local/texlive/2023basic/texmf-dist/tex/latex/amsmath/amsmath.sty
Package: amsmath 2022/04/08 v2.17n AMS math features
\@mathmargin=\skip50

For additional information on amsmath, use the `?' option.
(/usr/local/texlive/2023basic/texmf-dist/tex/latex/amsmath/amstext.sty
Package: amstext 2021/08/26 v2.01 AMS text
 (/usr/local/texlive/2023basic/texmf-dist/tex/latex/amsmath/amsgen.sty
File: amsgen.sty 1999/11/30 v2.0 generic functions
\@emptytoks=\toks16
\ex@=\dimen141
)) (/usr/local/texlive/2023basic/texmf-dist/tex/latex/amsmath/amsbsy.sty
Package: amsbsy 1999/11/29 v1.2d Bold Symbols
\pmbraise@=\dimen142
) (/usr/local/texlive/2023basic/texmf-dist/tex/latex/amsmath/amsopn.sty
Package: amsopn 2022/04/08 v2.04 operator names
)
\inf@bad=\count193
LaTeX Info: Redefining \frac on input line 234.
\uproot@=\count194
\leftroot@=\count195
LaTeX Info: Redefining \overline on input line 399.
LaTeX Info: Redefining \colon on input line 410.
\classnum@=\count196
\DOTSCASE@=\count197
LaTeX Info: Redefining \ldots on input line 496.
LaTeX Info: Redefining \dots on input line 499.
LaTeX Info: Redefining \cdots on input line 620.
\Mathstrutbox@=\box51
\strutbox@=\box52
LaTeX Info: Redefining \big on input line 722.
LaTeX Info: Redefining \Big on input line 723.
LaTeX Info: Redefining \bigg on input line 724.
LaTeX Info: Redefining \Bigg on input line 725.
\big@size=\dimen143
LaTeX Font Info:    Redeclaring font encoding OML on input line 743.
LaTeX Font Info:    Redeclaring font encoding OMS on input line 744.
\macc@depth=\count198
LaTeX Info: Redefining \bmod on input line 905.
LaTeX Info: Redefining \pmod on input line 910.
LaTeX Info: Redefining \smash on input line 940.
LaTeX Info: Redefining \relbar on input line 970.
LaTeX Info: Redefining \Relbar on input line 971.
\c@MaxMatrixCols=\count199
\dotsspace@=\muskip16
\c@parentequation=\count266
\dspbrk@lvl=\count267
\tag@help=\toks17
\row@=\count268
\column@=\count269
\maxfields@=\count270
\andhelp@=\toks18
\eqnshift@=\dimen144
\alignsep@=\dimen145
\tagshift@=\dimen146
\tagwidth@=\dimen147
\totwidth@=\dimen148
\lineht@=\dimen149
\@envbody=\toks19
\multlinegap=\skip51
\multlinetaggap=\skip52
\mathdisplay@stack=\toks20
LaTeX Info: Redefining \[ on input line 2953.
LaTeX Info: Redefining \] on input line 2954.
) (/usr/local/texlive/2023basic/texmf-dist/tex/latex/algorithms/algorithm.sty
Package: algorithm 2009/08/24 v0.1 Document Style `algorithm' - floating environment
 (/usr/local/texlive/2023basic/texmf-dist/tex/latex/float/float.sty
Package: float 2001/11/08 v1.3d Float enhancements (AL)
\c@float@type=\count271
\float@exts=\toks21
\float@box=\box53
\@float@everytoks=\toks22
\@floatcapt=\box54
) (/usr/local/texlive/2023basic/texmf-dist/tex/latex/base/ifthen.sty
Package: ifthen 2022/04/13 v1.1d Standard LaTeX ifthen package (DPC)
)
\@float@every@algorithm=\toks23
\c@algorithm=\count272
) (/usr/local/texlive/2023basic/texmf-dist/tex/latex/algorithms/algorithmic.sty
Package: algorithmic 2009/08/24 v0.1 Document Style `algorithmic'
 (/usr/local/texlive/2023basic/texmf-dist/tex/latex/graphics/keyval.sty
Package: keyval 2022/05/29 v1.15 key=value parser (DPC)
\KV@toks@=\toks24
)
\c@ALC@unique=\count273
\c@ALC@line=\count274
\c@ALC@rem=\count275
\c@ALC@depth=\count276
\ALC@tlm=\skip53
\algorithmicindent=\skip54
) (/usr/local/texlive/2023basic/texmf-dist/tex/latex/fancyhdr/fancyhdr.sty
Package: fancyhdr 2022/11/09 v4.1 Extensive control of page headers and footers
\f@nch@headwidth=\skip55
\f@nch@O@elh=\skip56
\f@nch@O@erh=\skip57
\f@nch@O@olh=\skip58
\f@nch@O@orh=\skip59
\f@nch@O@elf=\skip60
\f@nch@O@erf=\skip61
\f@nch@O@olf=\skip62
\f@nch@O@orf=\skip63
) (/usr/local/texlive/2023basic/texmf-dist/tex/latex/graphics/graphicx.sty
Package: graphicx 2021/09/16 v1.2d Enhanced LaTeX Graphics (DPC,SPQR)
 (/usr/local/texlive/2023basic/texmf-dist/tex/latex/graphics/graphics.sty
Package: graphics 2022/03/10 v1.4e Standard LaTeX Graphics (DPC,SPQR)
 (/usr/local/texlive/2023basic/texmf-dist/tex/latex/graphics/trig.sty
Package: trig 2021/08/11 v1.11 sin cos tan (DPC)
) (/usr/local/texlive/2023basic/texmf-dist/tex/latex/graphics-cfg/graphics.cfg
File: graphics.cfg 2016/06/04 v1.11 sample graphics configuration
)
Package graphics Info: Driver file: pdftex.def on input line 107.
 (/usr/local/texlive/2023basic/texmf-dist/tex/latex/graphics-def/pdftex.def
File: pdftex.def 2022/09/22 v1.2b Graphics/color driver for pdftex
))
\Gin@req@height=\dimen150
\Gin@req@width=\dimen151
) (/usr/local/texlive/2023basic/texmf-dist/tex/latex/setspace/setspace.sty
Package: setspace 2022/12/04 v6.7b set line spacing
) (/usr/local/texlive/2023basic/texmf-dist/tex/latex/fncychap/fncychap.sty
Package: fncychap 2007/07/30 v1.34 LaTeX package (Revised chapters)
\RW=\skip64
\mylen=\skip65
\myhi=\skip66
\px=\skip67
\py=\skip68
\pyy=\skip69
\pxx=\skip70
) (/usr/local/texlive/2023basic/texmf-dist/tex/latex/url/url.sty
\Urlmuskip=\muskip17
Package: url 2013/09/16  ver 3.4  Verb mode for urls, etc.
) (/usr/local/texlive/2023basic/texmf-dist/tex/latex/xcolor/xcolor.sty
Package: xcolor 2022/06/12 v2.14 LaTeX color extensions (UK)
 (/usr/local/texlive/2023basic/texmf-dist/tex/latex/graphics-cfg/color.cfg
File: color.cfg 2016/01/02 v1.6 sample color configuration
)
Package xcolor Info: Driver file: pdftex.def on input line 227.
 (/usr/local/texlive/2023basic/texmf-dist/tex/latex/graphics/mathcolor.ltx)
Package xcolor Info: Model `cmy' substituted by `cmy0' on input line 1353.
Package xcolor Info: Model `hsb' substituted by `rgb' on input line 1357.
Package xcolor Info: Model `RGB' extended on input line 1369.
Package xcolor Info: Model `HTML' substituted by `rgb' on input line 1371.
Package xcolor Info: Model `Hsb' substituted by `hsb' on input line 1372.
Package xcolor Info: Model `tHsb' substituted by `hsb' on input line 1373.
Package xcolor Info: Model `HSB' substituted by `hsb' on input line 1374.
Package xcolor Info: Model `Gray' substituted by `gray' on input line 1375.
Package xcolor Info: Model `wave' substituted by `hsb' on input line 1376.
) (/usr/local/texlive/2023basic/texmf-dist/tex/latex/tools/tabularx.sty
Package: tabularx 2020/01/15 v2.11c `tabularx' package (DPC)
 (/usr/local/texlive/2023basic/texmf-dist/tex/latex/tools/array.sty
Package: array 2022/09/04 v2.5g Tabular extension package (FMi)
\col@sep=\dimen152
\ar@mcellbox=\box55
\extrarowheight=\dimen153
\NC@list=\toks25
\extratabsurround=\skip71
\backup@length=\skip72
\ar@cellbox=\box56
)
\TX@col@width=\dimen154
\TX@old@table=\dimen155
\TX@old@col=\dimen156
\TX@target=\dimen157
\TX@delta=\dimen158
\TX@cols=\count277
\TX@ftn=\toks26
) (/usr/local/texlive/2023basic/texmf-dist/tex/latex/appendix/appendix.sty
Package: appendix 2020/02/08 v1.2c extra appendix facilities
\c@@pps=\count278
\c@@ppsavesec=\count279
\c@@ppsaveapp=\count280
) (/usr/local/texlive/2023basic/texmf-dist/tex/latex/caption/caption.sty
Package: caption 2023/03/12 v3.6j Customizing captions (AR)
 (/usr/local/texlive/2023basic/texmf-dist/tex/latex/caption/caption3.sty
Package: caption3 2023/03/12 v2.4 caption3 kernel (AR)
\caption@tempdima=\dimen159
\captionmargin=\dimen160
\caption@leftmargin=\dimen161
\caption@rightmargin=\dimen162
\caption@width=\dimen163
\caption@indent=\dimen164
\caption@parindent=\dimen165
\caption@hangindent=\dimen166
Package caption Info: Standard document class detected.
)
\c@caption@flags=\count281
\c@continuedfloat=\count282
Package caption Info: float package is loaded.
) (/usr/local/texlive/2023basic/texmf-dist/tex/latex/booktabs/booktabs.sty
Package: booktabs 2020/01/12 v1.61803398 Publication quality tables
\heavyrulewidth=\dimen167
\lightrulewidth=\dimen168
\cmidrulewidth=\dimen169
\belowrulesep=\dimen170
\belowbottomsep=\dimen171
\aboverulesep=\dimen172
\abovetopsep=\dimen173
\cmidrulesep=\dimen174
\cmidrulekern=\dimen175
\defaultaddspace=\dimen176
\@cmidla=\count283
\@cmidlb=\count284
\@aboverulesep=\dimen177
\@belowrulesep=\dimen178
\@thisruleclass=\count285
\@lastruleclass=\count286
\@thisrulewidth=\dimen179
) (/usr/local/texlive/2023basic/texmf-dist/tex/latex/listings/listings.sty
\lst@mode=\count287
\lst@gtempboxa=\box57
\lst@token=\toks27
\lst@length=\count288
\lst@currlwidth=\dimen180
\lst@column=\count289
\lst@pos=\count290
\lst@lostspace=\dimen181
\lst@width=\dimen182
\lst@newlines=\count291
\lst@lineno=\count292
\lst@maxwidth=\dimen183

(/usr/local/texlive/2023basic/texmf-dist/tex/latex/listings/lstmisc.sty
File: lstmisc.sty 2023/02/27 1.9 (Carsten Heinz)
\c@lstnumber=\count293
\lst@skipnumbers=\count294
\lst@framebox=\box58
) (/usr/local/texlive/2023basic/texmf-dist/tex/latex/listings/listings.cfg
File: listings.cfg 2023/02/27 1.9 listings configuration
))
Package: listings 2023/02/27 1.9 (Carsten Heinz)
 (/usr/local/texlive/2023basic/texmf-dist/tex/latex/caption/subcaption.sty
Package: subcaption 2023/02/19 v1.6 Sub-captions (AR)
Package caption Info: New subtype `subfigure' on input line 239.
\c@subfigure=\count295
Package caption Info: New subtype `subtable' on input line 239.
\c@subtable=\count296
) (/usr/local/texlive/2023basic/texmf-dist/tex/latex/biblatex/biblatex.sty
Package: biblatex 2023/03/05 v3.19 programmable bibliographies (PK/MW)
 (/usr/local/texlive/2023basic/texmf-dist/tex/generic/pdftexcmds/pdftexcmds.sty
Package: pdftexcmds 2020-06-27 v0.33 Utility functions of pdfTeX for LuaTeX (HO)
 (/usr/local/texlive/2023basic/texmf-dist/tex/generic/infwarerr/infwarerr.sty
Package: infwarerr 2019/12/03 v1.5 Providing info/warning/error messages (HO)
) (/usr/local/texlive/2023basic/texmf-dist/tex/generic/iftex/iftex.sty
Package: iftex 2022/02/03 v1.0f TeX engine tests
) (/usr/local/texlive/2023basic/texmf-dist/tex/generic/ltxcmds/ltxcmds.sty
Package: ltxcmds 2020-05-10 v1.25 LaTeX kernel commands for general use (HO)
)
Package pdftexcmds Info: \pdf@primitive is available.
Package pdftexcmds Info: \pdf@ifprimitive is available.
Package pdftexcmds Info: \pdfdraftmode found.
) (/usr/local/texlive/2023basic/texmf-dist/tex/latex/etoolbox/etoolbox.sty
Package: etoolbox 2020/10/05 v2.5k e-TeX tools for LaTeX (JAW)
\etb@tempcnta=\count297
) (/usr/local/texlive/2023basic/texmf-dist/tex/latex/kvoptions/kvoptions.sty
Package: kvoptions 2022-06-15 v3.15 Key value format for package options (HO)
 (/usr/local/texlive/2023basic/texmf-dist/tex/latex/kvsetkeys/kvsetkeys.sty
Package: kvsetkeys 2022-10-05 v1.19 Key value parser (HO)
)) (/usr/local/texlive/2023basic/texmf-dist/tex/latex/logreq/logreq.sty
Package: logreq 2010/08/04 v1.0 xml request logger
\lrq@indent=\count298
 (/usr/local/texlive/2023basic/texmf-dist/tex/latex/logreq/logreq.def
File: logreq.def 2010/08/04 v1.0 logreq spec v1.0
))
\c@tabx@nest=\count299
\c@listtotal=\count300
\c@listcount=\count301
\c@liststart=\count302
\c@liststop=\count303
\c@citecount=\count304
\c@citetotal=\count305
\c@multicitecount=\count306
\c@multicitetotal=\count307
\c@instcount=\count308
\c@maxnames=\count309
\c@minnames=\count310
\c@maxitems=\count311
\c@minitems=\count312
\c@citecounter=\count313
\c@maxcitecounter=\count314
\c@savedcitecounter=\count315
\c@uniquelist=\count316
\c@uniquename=\count317
\c@refsection=\count318
\c@refsegment=\count319
\c@maxextratitle=\count320
\c@maxextratitleyear=\count321
\c@maxextraname=\count322
\c@maxextradate=\count323
\c@maxextraalpha=\count324
\c@abbrvpenalty=\count325
\c@highnamepenalty=\count326
\c@lownamepenalty=\count327
\c@maxparens=\count328
\c@parenlevel=\count329
\blx@tempcnta=\count330
\blx@tempcntb=\count331
\blx@tempcntc=\count332
\c@blx@maxsection=\count333
\blx@maxsegment@0=\count334
\blx@notetype=\count335
\blx@parenlevel@text=\count336
\blx@parenlevel@foot=\count337
\blx@sectionciteorder@0=\count338
\blx@sectionciteorderinternal@0=\count339
\blx@entrysetcounter=\count340
\blx@biblioinstance=\count341
\labelnumberwidth=\skip73
\labelalphawidth=\skip74
\biblabelsep=\skip75
\bibitemsep=\skip76
\bibnamesep=\skip77
\bibinitsep=\skip78
\bibparsep=\skip79
\bibhang=\skip80
\blx@bcfin=\read2
\blx@bcfout=\write3
\blx@langwohyphens=\language23
\c@mincomprange=\count342
\c@maxcomprange=\count343
\c@mincompwidth=\count344
Package biblatex Info: Trying to load biblatex default data model...
Package biblatex Info: ... file 'blx-dm.def' found.
 (/usr/local/texlive/2023basic/texmf-dist/tex/latex/biblatex/blx-dm.def
File: blx-dm.def 2023/03/05 v3.19 biblatex localization (PK/MW)
)
Package biblatex Info: Trying to load biblatex style data model...
Package biblatex Info: ... file 'authoryear-ibid.dbx' not found.
Package biblatex Info: Trying to load biblatex custom data model...
Package biblatex Info: ... file 'biblatex-dm.cfg' not found.
\c@afterword=\count345
\c@savedafterword=\count346
\c@annotator=\count347
\c@savedannotator=\count348
\c@author=\count349
\c@savedauthor=\count350
\c@bookauthor=\count351
\c@savedbookauthor=\count352
\c@commentator=\count353
\c@savedcommentator=\count354
\c@editor=\count355
\c@savededitor=\count356
\c@editora=\count357
\c@savededitora=\count358
\c@editorb=\count359
\c@savededitorb=\count360
\c@editorc=\count361
\c@savededitorc=\count362
\c@foreword=\count363
\c@savedforeword=\count364
\c@holder=\count365
\c@savedholder=\count366
\c@introduction=\count367
\c@savedintroduction=\count368
\c@namea=\count369
\c@savednamea=\count370
\c@nameb=\count371
\c@savednameb=\count372
\c@namec=\count373
\c@savednamec=\count374
\c@translator=\count375
\c@savedtranslator=\count376
\c@shortauthor=\count377
\c@savedshortauthor=\count378
\c@shorteditor=\count379
\c@savedshorteditor=\count380
\c@labelname=\count381
\c@savedlabelname=\count382
\c@institution=\count383
\c@savedinstitution=\count384
\c@lista=\count385
\c@savedlista=\count386
\c@listb=\count387
\c@savedlistb=\count388
\c@listc=\count389
\c@savedlistc=\count390
\c@listd=\count391
\c@savedlistd=\count392
\c@liste=\count393
\c@savedliste=\count394
\c@listf=\count395
\c@savedlistf=\count396
\c@location=\count397
\c@savedlocation=\count398
\c@organization=\count399
\c@savedorganization=\count400
\c@origlocation=\count401
\c@savedoriglocation=\count402
\c@origpublisher=\count403
\c@savedorigpublisher=\count404
\c@publisher=\count405
\c@savedpublisher=\count406
\c@language=\count407
\c@savedlanguage=\count408
\c@origlanguage=\count409
\c@savedoriglanguage=\count410
\c@pageref=\count411
\c@savedpageref=\count412
\shorthandwidth=\skip81
\shortjournalwidth=\skip82
\shortserieswidth=\skip83
\shorttitlewidth=\skip84
\shortauthorwidth=\skip85
\shorteditorwidth=\skip86
\locallabelnumberwidth=\skip87
\locallabelalphawidth=\skip88
\localshorthandwidth=\skip89
\localshortjournalwidth=\skip90
\localshortserieswidth=\skip91
\localshorttitlewidth=\skip92
\localshortauthorwidth=\skip93
\localshorteditorwidth=\skip94
Package biblatex Info: Trying to load compatibility code...
Package biblatex Info: ... file 'blx-compat.def' found.
 (/usr/local/texlive/2023basic/texmf-dist/tex/latex/biblatex/blx-compat.def
File: blx-compat.def 2023/03/05 v3.19 biblatex compatibility (PK/MW)
)
Package biblatex Info: Trying to load generic definitions...
Package biblatex Info: ... file 'biblatex.def' found.
 (/usr/local/texlive/2023basic/texmf-dist/tex/latex/biblatex/biblatex.def
File: biblatex.def 2023/03/05 v3.19 biblatex compatibility (PK/MW)
\c@textcitecount=\count413
\c@textcitetotal=\count414
\c@textcitemaxnames=\count415
\c@biburlbigbreakpenalty=\count416
\c@biburlbreakpenalty=\count417
\c@biburlnumpenalty=\count418
\c@biburlucpenalty=\count419
\c@biburllcpenalty=\count420
\biburlbigskip=\muskip18
\biburlnumskip=\muskip19
\biburlucskip=\muskip20
\biburllcskip=\muskip21
\c@smartand=\count421
)
Package biblatex Info: Trying to load bibliography style 'authoryear-ibid'...
Package biblatex Info: ... file 'authoryear-ibid.bbx' found.
 (/usr/local/texlive/2023basic/texmf-dist/tex/latex/biblatex/bbx/authoryear-ibid.bbx
File: authoryear-ibid.bbx 2023/03/05 v3.19 biblatex bibliography style (PK/MW)
Package biblatex Info: Trying to load bibliography style 'authoryear'...
Package biblatex Info: ... file 'authoryear.bbx' found.
 (/usr/local/texlive/2023basic/texmf-dist/tex/latex/biblatex/bbx/authoryear.bbx
File: authoryear.bbx 2023/03/05 v3.19 biblatex bibliography style (PK/MW)
Package biblatex Info: Trying to load bibliography style 'standard'...
Package biblatex Info: ... file 'standard.bbx' found.
 (/usr/local/texlive/2023basic/texmf-dist/tex/latex/biblatex/bbx/standard.bbx
File: standard.bbx 2023/03/05 v3.19 biblatex bibliography style (PK/MW)
\c@bbx:relatedcount=\count422
\c@bbx:relatedtotal=\count423
)))
Package biblatex Info: Trying to load citation style 'authoryear-ibid'...
Package biblatex Info: ... file 'authoryear-ibid.cbx' found.
 (/usr/local/texlive/2023basic/texmf-dist/tex/latex/biblatex/cbx/authoryear-ibid.cbx
File: authoryear-ibid.cbx 2023/03/05 v3.19 biblatex citation style (PK/MW)
Package biblatex Info: Redefining '\cite'.
Package biblatex Info: Redefining '\parencite'.
Package biblatex Info: Redefining '\footcite'.
Package biblatex Info: Redefining '\footcitetext'.
Package biblatex Info: Redefining '\smartcite'.
Package biblatex Info: Redefining '\textcite'.
Package biblatex Info: Redefining '\textcites'.
)
Package biblatex Info: Trying to load configuration file...
Package biblatex Info: ... file 'biblatex.cfg' found.
 (/usr/local/texlive/2023basic/texmf-dist/tex/latex/biblatex/biblatex.cfg
File: biblatex.cfg 
)
Package biblatex Info: Input encoding 'utf8' detected.
Package biblatex Info: Document encoding is UTF8 ....
 (/usr/local/texlive/2023basic/texmf-dist/tex/latex/l3kernel/expl3.sty
Package: expl3 2023-02-22 L3 programming layer (loader) 
 (/usr/local/texlive/2023basic/texmf-dist/tex/latex/l3backend/l3backend-pdftex.def
File: l3backend-pdftex.def 2023-01-16 L3 backend support: PDF output (pdfTeX)
\l__color_backend_stack_int=\count424
\l__pdf_internal_box=\box59
))
Package biblatex Info: ... and expl3
(biblatex)             2023-02-22 L3 programming layer (loader) 
(biblatex)             is new enough (at least 2020/04/06),
(biblatex)             setting 'casechanger=expl3'.
 (/usr/local/texlive/2023basic/texmf-dist/tex/latex/biblatex/blx-case-expl3.sty (/usr/local/texlive/2023basic/texmf-dist/tex/latex/l3packages/xparse/xparse.sty
Package: xparse 2023-02-02 L3 Experimental document command parser
)
Package: blx-case-expl3 2023/03/05 v3.19 expl3 case changing code for biblatex
)) (/usr/local/texlive/2023basic/texmf-dist/tex/latex/listings/lstlang1.sty
File: lstlang1.sty 2023/02/27 1.9 listings language file
)
(/usr/local/texlive/2023basic/texmf-dist/tex/latex/hyperref/hyperref.sty
Package: hyperref 2023-02-07 v7.00v Hypertext links for LaTeX
 (/usr/local/texlive/2023basic/texmf-dist/tex/generic/kvdefinekeys/kvdefinekeys.sty
Package: kvdefinekeys 2019-12-19 v1.6 Define keys (HO)
) (/usr/local/texlive/2023basic/texmf-dist/tex/generic/pdfescape/pdfescape.sty
Package: pdfescape 2019/12/09 v1.15 Implements pdfTeX's escape features (HO)
) (/usr/local/texlive/2023basic/texmf-dist/tex/latex/hycolor/hycolor.sty
Package: hycolor 2020-01-27 v1.10 Color options for hyperref/bookmark (HO)
) (/usr/local/texlive/2023basic/texmf-dist/tex/latex/letltxmacro/letltxmacro.sty
Package: letltxmacro 2019/12/03 v1.6 Let assignment for LaTeX macros (HO)
) (/usr/local/texlive/2023basic/texmf-dist/tex/latex/auxhook/auxhook.sty
Package: auxhook 2019-12-17 v1.6 Hooks for auxiliary files (HO)
) (/usr/local/texlive/2023basic/texmf-dist/tex/latex/hyperref/nameref.sty
Package: nameref 2022-05-17 v2.50 Cross-referencing by name of section
 (/usr/local/texlive/2023basic/texmf-dist/tex/latex/refcount/refcount.sty
Package: refcount 2019/12/15 v3.6 Data extraction from label references (HO)
) (/usr/local/texlive/2023basic/texmf-dist/tex/generic/gettitlestring/gettitlestring.sty
Package: gettitlestring 2019/12/15 v1.6 Cleanup title references (HO)
)
\c@section@level=\count425
)
\@linkdim=\dimen184
\Hy@linkcounter=\count426
\Hy@pagecounter=\count427
 (/usr/local/texlive/2023basic/texmf-dist/tex/latex/hyperref/pd1enc.def
File: pd1enc.def 2023-02-07 v7.00v Hyperref: PDFDocEncoding definition (HO)
Now handling font encoding PD1 ...
... no UTF-8 mapping file for font encoding PD1
) (/usr/local/texlive/2023basic/texmf-dist/tex/generic/intcalc/intcalc.sty
Package: intcalc 2019/12/15 v1.3 Expandable calculations with integers (HO)
) (/usr/local/texlive/2023basic/texmf-dist/tex/generic/etexcmds/etexcmds.sty
Package: etexcmds 2019/12/15 v1.7 Avoid name clashes with e-TeX commands (HO)
)
\Hy@SavedSpaceFactor=\count428
 (/usr/local/texlive/2023basic/texmf-dist/tex/latex/hyperref/puenc.def
File: puenc.def 2023-02-07 v7.00v Hyperref: PDF Unicode definition (HO)
Now handling font encoding PU ...
... no UTF-8 mapping file for font encoding PU
)
Package hyperref Info: Hyper figures OFF on input line 4177.
Package hyperref Info: Link nesting OFF on input line 4182.
Package hyperref Info: Hyper index ON on input line 4185.
Package hyperref Info: Plain pages OFF on input line 4192.
Package hyperref Info: Backreferencing OFF on input line 4197.
Package hyperref Info: Implicit mode ON; LaTeX internals redefined.
Package hyperref Info: Bookmarks ON on input line 4425.
\c@Hy@tempcnt=\count429
LaTeX Info: Redefining \url on input line 4763.
\XeTeXLinkMargin=\dimen185
 (/usr/local/texlive/2023basic/texmf-dist/tex/generic/bitset/bitset.sty
Package: bitset 2019/12/09 v1.3 Handle bit-vector datatype (HO)
 (/usr/local/texlive/2023basic/texmf-dist/tex/generic/bigintcalc/bigintcalc.sty
Package: bigintcalc 2019/12/15 v1.5 Expandable calculations on big integers (HO)
))
\Fld@menulength=\count430
\Field@Width=\dimen186
\Fld@charsize=\dimen187
Package hyperref Info: Hyper figures OFF on input line 6042.
Package hyperref Info: Link nesting OFF on input line 6047.
Package hyperref Info: Hyper index ON on input line 6050.
Package hyperref Info: backreferencing OFF on input line 6057.
Package hyperref Info: Link coloring OFF on input line 6062.
Package hyperref Info: Link coloring with OCG OFF on input line 6067.
Package hyperref Info: PDF/A mode OFF on input line 6072.
 (/usr/local/texlive/2023basic/texmf-dist/tex/latex/base/atbegshi-ltx.sty
Package: atbegshi-ltx 2021/01/10 v1.0c Emulation of the original atbegshi
package with kernel methods
)
\Hy@abspage=\count431
\c@Item=\count432
\c@Hfootnote=\count433
)
Package hyperref Info: Driver: hpdftex.
 (/usr/local/texlive/2023basic/texmf-dist/tex/latex/hyperref/hpdftex.def
File: hpdftex.def 2023-02-07 v7.00v Hyperref driver for pdfTeX
 (/usr/local/texlive/2023basic/texmf-dist/tex/latex/base/atveryend-ltx.sty
Package: atveryend-ltx 2020/08/19 v1.0a Emulation of the original atveryend package
with kernel methods
)
\Fld@listcount=\count434
\c@bookmark@seq@number=\count435
 (/usr/local/texlive/2023basic/texmf-dist/tex/latex/rerunfilecheck/rerunfilecheck.sty
Package: rerunfilecheck 2022-07-10 v1.10 Rerun checks for auxiliary files (HO)
 (/usr/local/texlive/2023basic/texmf-dist/tex/generic/uniquecounter/uniquecounter.sty
Package: uniquecounter 2019/12/15 v1.4 Provide unlimited unique counter (HO)
)
Package uniquecounter Info: New unique counter `rerunfilecheck' on input line 285.
)
\Hy@SectionHShift=\skip95
)
\@quotelevel=\count436
\@quotereset=\count437
 (/Users/vivid/Documents/University/Dissertation/Biblatex/.texpadtmp/Report.aux (/Users/vivid/Documents/University/Dissertation/Biblatex/.texpadtmp/Preamble/Frontpage.aux) (/Users/vivid/Documents/University/Dissertation/Biblatex/.texpadtmp/Preamble/Abstract.aux) (/Users/vivid/Documents/University/Dissertation/Biblatex/.texpadtmp/Preamble/Acknowledgements.aux) (/Users/vivid/Documents/University/Dissertation/Biblatex/.texpadtmp/Preamble/Abbreviations.aux)
(/Users/vivid/Documents/University/Dissertation/Biblatex/.texpadtmp/Preamble/Contents.aux) (/Users/vivid/Documents/University/Dissertation/Biblatex/.texpadtmp/Preamble/Lists.aux) (/Users/vivid/Documents/University/Dissertation/Biblatex/.texpadtmp/Preamble/ChapterMods.aux) (/Users/vivid/Documents/University/Dissertation/Biblatex/.texpadtmp/Chapter1/Chapter1.aux) (/Users/vivid/Documents/University/Dissertation/Biblatex/.texpadtmp/Chapter2/Chapter2.aux) (/Users/vivid/Documents/University/Dissertation/Biblatex/.texpadtmp/Chapter3/Chapter3.aux) (/Users/vivid/Documents/University/Dissertation/Biblatex/.texpadtmp/Chapter3/FeatureSelection.aux) (/Users/vivid/Documents/University/Dissertation/Biblatex/.texpadtmp/Chapter3/DataSplit.aux) (/Users/vivid/Documents/University/Dissertation/Biblatex/.texpadtmp/Chapter3/PreProcessing.aux) (/Users/vivid/Documents/University/Dissertation/Biblatex/.texpadtmp/Chapter3/Models.aux) (/Users/vivid/Documents/University/Dissertation/Biblatex/.texpadtmp/Chapter3/Metrics.aux) (/Users/vivid/Documents/University/Dissertation/Biblatex/.texpadtmp/Chapter4/Chapter4.aux) (/Users/vivid/Documents/University/Dissertation/Biblatex/.texpadtmp/Chapter4/RandomForest.aux) (/Users/vivid/Documents/University/Dissertation/Biblatex/.texpadtmp/Chapter4/XGBoost.aux) (/Users/vivid/Documents/University/Dissertation/Biblatex/.texpadtmp/Chapter4/NeuralNetworks.aux) (/Users/vivid/Documents/University/Dissertation/Biblatex/.texpadtmp/Chapter5/Analysis.aux) (/Users/vivid/Documents/University/Dissertation/Biblatex/.texpadtmp/Chapter5/XGB.aux) (/Users/vivid/Documents/University/Dissertation/Biblatex/.texpadtmp/Chapter5/MLP.aux) (/Users/vivid/Documents/University/Dissertation/Biblatex/.texpadtmp/Chapter5/FurtherAnalysis.aux) (/Users/vivid/Documents/University/Dissertation/Biblatex/.texpadtmp/Chapter6/Conclusion.aux) (/Users/vivid/Documents/University/Dissertation/Biblatex/.texpadtmp/Chapter7/Chapter7.aux) (/Users/vivid/Documents/University/Dissertation/Biblatex/.texpadtmp/Chapter8/Chapter8.aux)
(/Users/vivid/Documents/University/Dissertation/Biblatex/.texpadtmp/Chapter9/Chapter9.aux) (/Users/vivid/Documents/University/Dissertation/Biblatex/.texpadtmp/Appendices/Appendices.aux) (/Users/vivid/Documents/University/Dissertation/Biblatex/.texpadtmp/Appendices/Metrics.aux))
\openout1 = `Report.aux'.

LaTeX Font Info:    Checking defaults for OML/cmm/m/it on input line 90.
LaTeX Font Info:    ... okay on input line 90.
LaTeX Font Info:    Checking defaults for OMS/cmsy/m/n on input line 90.
LaTeX Font Info:    ... okay on input line 90.
LaTeX Font Info:    Checking defaults for OT1/cmr/m/n on input line 90.
LaTeX Font Info:    ... okay on input line 90.
LaTeX Font Info:    Checking defaults for T1/cmr/m/n on input line 90.
LaTeX Font Info:    ... okay on input line 90.
LaTeX Font Info:    Checking defaults for TS1/cmr/m/n on input line 90.
LaTeX Font Info:    ... okay on input line 90.
LaTeX Font Info:    Checking defaults for OMX/cmex/m/n on input line 90.
LaTeX Font Info:    ... okay on input line 90.
LaTeX Font Info:    Checking defaults for U/cmr/m/n on input line 90.
LaTeX Font Info:    ... okay on input line 90.
LaTeX Font Info:    Checking defaults for PD1/pdf/m/n on input line 90.
LaTeX Font Info:    ... okay on input line 90.
LaTeX Font Info:    Checking defaults for PU/pdf/m/n on input line 90.
LaTeX Font Info:    ... okay on input line 90.
 (/usr/local/texlive/2023basic/texmf-dist/tex/context/base/mkii/supp-pdf.mkii
[Loading MPS to PDF converter (version 2006.09.02).]
\scratchcounter=\count438
\scratchdimen=\dimen188
\scratchbox=\box60
\nofMPsegments=\count439
\nofMParguments=\count440
\everyMPshowfont=\toks28
\MPscratchCnt=\count441
\MPscratchDim=\dimen189
\MPnumerator=\count442
\makeMPintoPDFobject=\count443
\everyMPtoPDFconversion=\toks29
) (/usr/local/texlive/2023basic/texmf-dist/tex/latex/epstopdf-pkg/epstopdf-base.sty
Package: epstopdf-base 2020-01-24 v2.11 Base part for package epstopdf
Package epstopdf-base Info: Redefining graphics rule for `.eps' on input line 485.
 (/usr/local/texlive/2023basic/texmf-dist/tex/latex/latexconfig/epstopdf-sys.cfg
File: epstopdf-sys.cfg 2010/07/13 v1.3 Configuration of (r)epstopdf for TeX Live
))
Package caption Info: Begin \AtBeginDocument code.
Package caption Info: hyperref package is loaded.
Package caption Info: listings package is loaded.
Package caption Info: End \AtBeginDocument code.
\c@lstlisting=\count444
Package biblatex Info: Trying to load language 'english'...
Package biblatex Info: ... file 'english.lbx' found.
 (/usr/local/texlive/2023basic/texmf-dist/tex/latex/biblatex/lbx/english.lbx
File: english.lbx 2023/03/05 v3.19 biblatex localization (PK/MW)
)
Package biblatex Info: Input encoding 'utf8' detected.
Package biblatex Info: Automatic encoding selection.
(biblatex)             Assuming data encoding 'utf8'.
\openout3 = `Report.bcf'.

Package biblatex Info: Trying to load bibliographic data...
Package biblatex Info: ... file 'Report.bbl' found.
 (/Users/vivid/Documents/University/Dissertation/Biblatex/.texpadtmp/Report.bbl)
Package biblatex Info: Reference section=0 on input line 90.
Package biblatex Info: Reference segment=0 on input line 90.
Package hyperref Info: Link coloring OFF on input line 90.
 (/Users/vivid/Documents/University/Dissertation/Biblatex/.texpadtmp/Report.out) (/Users/vivid/Documents/University/Dissertation/Biblatex/.texpadtmp/Report.out)
\@outlinefile=\write4
\openout4 = `Report.out'.

\openout2 = `Preamble/Frontpage.aux'.

 (./Preamble/Frontpage.tex
<Preamble/WarwickCrest.pdf, id=445, 261.97874pt x 368.37625pt>
File: Preamble/WarwickCrest.pdf Graphic file (type pdf)
<use Preamble/WarwickCrest.pdf>
Package pdftex.def Info: Preamble/WarwickCrest.pdf  used on input line 7.
(pdftex.def)             Requested size: 117.88934pt x 165.76778pt.
) [1


{/usr/local/texlive/2023basic/texmf-var/fonts/map/pdftex/updmap/pdftex.map} <./Preamble/WarwickCrest.pdf>]
\openout2 = `Preamble/Abstract.aux'.

 (./Preamble/Abstract.tex) [2



]
\openout2 = `Preamble/Acknowledgements.aux'.

 (./Preamble/Acknowledgements.tex)
\openout2 = `Preamble/Abbreviations.aux'.

 (./Preamble/Abbreviations.tex)
Underfull \hbox (badness 10000) in paragraph at lines 7--95

 []


Underfull \hbox (badness 10000) in paragraph at lines 7--95

 []

[3






]
\openout2 = `Preamble/Contents.aux'.

 (./Preamble/Contents.tex (/Users/vivid/Documents/University/Dissertation/Biblatex/.texpadtmp/Report.toc [4



] [5] [6])
\tf@toc=\write5
\openout5 = `Report.toc'.

) [7]
\openout2 = `Preamble/Lists.aux'.

 (./Preamble/Lists.tex (/Users/vivid/Documents/University/Dissertation/Biblatex/.texpadtmp/Report.lof)
\tf@lof=\write6
\openout6 = `Report.lof'.

 (/Users/vivid/Documents/University/Dissertation/Biblatex/.texpadtmp/Report.lot)
\tf@lot=\write7
\openout7 = `Report.lot'.

 [8



])
\openout2 = `Preamble/ChapterMods.aux'.

 (./Preamble/ChapterMods.tex)
\openout2 = `Chapter1/Chapter1.aux'.

 (./Chapter1/Chapter1.tex [1






]
Overfull \hbox (1.09384pt too wide) in paragraph at lines 40--41
\OT1/cmr/m/n/12 util-is-ing ma-chine learn-ing for in-tru-sion de-tec-tion sys-tems for IEEE
 []

[2]) [3]
\openout2 = `Chapter2/Chapter2.aux'.

 (./Chapter2/Chapter2.tex
Overfull \hbox (14.06725pt too wide) in paragraph at lines 6--8
[]\OT1/cmr/m/n/12 The re-cently pub-lished 5G-NIDD dataset ([]Siri-ward-hana []2022[]) presents
 []


Overfull \hbox (0.7145pt too wide) in paragraph at lines 11--12
[]\OT1/cmr/m/n/12 Previous work and re-search into eval-u-at-ing nu-mer-ous ma-chine learn-
 []


Overfull \hbox (2.86707pt too wide) in paragraph at lines 23--24
[]\OT1/cmr/m/n/12 Chatzoglou, Kam-bourakis, Ko-lias, and Smil-iotopou-los ([]2022a[]) dis-cusses
 []

[4



] [5]
Overfull \hbox (5.14345pt too wide) in paragraph at lines 39--40
\OT1/cmr/m/n/12 dataset based on ex-ist-ing and known WPA3 at-tacks: De-Authentication,
 []

[6]
Underfull \hbox (badness 10000) in paragraph at lines 57--57
[]|\OT1/cmr/m/n/10.95 MSU Scarda
 []


Underfull \hbox (badness 10000) in paragraph at lines 60--60
[]|\OT1/cmr/m/n/10.95 Smys, Basar,
 []


Underfull \hbox (badness 10000) in paragraph at lines 61--61
[]|\OT1/cmr/m/n/10.95 Kachavimath,
 []


Underfull \hbox (badness 10000) in paragraph at lines 61--61
[]|\OT1/cmr/m/n/10.95 KDDCup99,
 []


Underfull \hbox (badness 4013) in paragraph at lines 62--62
[]|\OT1/cmr/m/n/10.95 AWID2 & Uni-
 []


Underfull \hbox (badness 10000) in paragraph at lines 64--64
[]|\OT1/cmr/m/n/10.95 Chatzoglou,
 []


Underfull \hbox (badness 10000) in paragraph at lines 64--64
\OT1/cmr/m/n/10.95 Kam-bourakis,
 []


Underfull \hbox (badness 10000) in paragraph at lines 64--64
\OT1/cmr/m/n/10.95 Ko-lias, and
 []


Underfull \hbox (badness 10000) in paragraph at lines 64--64
\OT1/cmr/m/n/10.95 Smil-iotopou-los
 []


Underfull \hbox (badness 10000) in paragraph at lines 65--65
[]|\OT1/cmr/m/n/10.95 Chatzoglou,
 []


Underfull \hbox (badness 10000) in paragraph at lines 65--65
\OT1/cmr/m/n/10.95 Kam-bourakis,
 []


Underfull \hbox (badness 10000) in paragraph at lines 65--65
\OT1/cmr/m/n/10.95 Ko-lias, and
 []


Underfull \hbox (badness 10000) in paragraph at lines 65--65
\OT1/cmr/m/n/10.95 Smil-iotopou-los
 []


Underfull \hbox (badness 10000) in paragraph at lines 67--67
[]|\OT1/cmr/m/n/10.95 Islam and Al-
 []


Underfull \hbox (badness 7064) in paragraph at lines 68--68
[]|\OT1/cmr/m/n/10.95 Mughaid et al.
 []


Underfull \hbox (badness 10000) in paragraph at lines 70--70
[]|\OT1/cmr/m/n/10.95 Dhanya et al.
 []


Underfull \hbox (badness 10000) in paragraph at lines 72--72
[]|\OT1/cmr/m/n/10.95 Agrawal, Chat-
 []


Underfull \hbox (badness 10000) in paragraph at lines 73--73
[]|\OT1/cmr/m/n/10.95 X-IIoTDS,
 []


Underfull \hbox (badness 1997) in paragraph at lines 74--74
[]|\OT1/cmr/m/n/10.95 A. Reyes et al.
 []


Overfull \hbox (17.43304pt too wide) in paragraph at lines 54--76
[][] 
 []

[7]
Overfull \vbox (6.19958pt too high) has occurred while \output is active []

 [8]) [9]
\openout2 = `Chapter3/Chapter3.aux'.

 (./Chapter3/Chapter3.tex
Overfull \hbox (3.44887pt too wide) in paragraph at lines 25--27
\OT1/cmr/m/n/12 Ten-sor-flow ([]Mart^^S^^Pn Abadi et al. []2015[]) and XG-Boost ([]Chen and Guestrin
 []

[10



]) [11]
\openout2 = `Chapter3/FeatureSelection.aux'.

 (./Chapter3/FeatureSelection.tex [12



] [13] [14]) [15]
\openout2 = `Chapter3/DataSplit.aux'.

 (./Chapter3/DataSplit.tex [16



] [17]) [18]
\openout2 = `Chapter3/PreProcessing.aux'.

 (./Chapter3/PreProcessing.tex [19



]
Overfull \hbox (69.74391pt too wide) in paragraph at lines 25--35
[][] 
 []

) [20]
\openout2 = `Chapter3/Models.aux'.

 (./Chapter3/Models.tex [21



]) [22]
\openout2 = `Chapter3/Metrics.aux'.

 (./Chapter3/Metrics.tex
Overfull \hbox (0.41454pt too wide) in paragraph at lines 13--14
\OT1/cmr/m/n/12 Char-ac-ter-is-tic (ROC) curve us-ing the True Pos-i-tive Rate (TPR) against
 []

[23



] [24]) [25]
\openout2 = `Chapter4/Chapter4.aux'.

 (./Chapter4/Chapter4.tex
Overfull \hbox (1.99281pt too wide) in paragraph at lines 16--17
[]\OT1/cmr/m/n/12 To ad-dress this is-sue, Ran-dom-ized-SearchCV was adopted; by search-
 []

) [26



]
\openout2 = `Chapter4/RandomForest.aux'.

 (./Chapter4/RandomForest.tex
Overfull \hbox (12.5602pt too wide) in paragraph at lines 13--14
[]\OT1/cmr/m/n/12 Initial ex-per-i-men-ta-tion be-gan us-ing de-fault pa-ram-e-ters with-out chang-
 []


Overfull \hbox (2.34479pt too wide) in paragraph at lines 25--38
 [][] 
 []


LaTeX Warning: `h' float specifier changed to `ht'.

[27



]) [28]
\openout2 = `Chapter4/XGBoost.aux'.

 (./Chapter4/XGBoost.tex
Overfull \hbox (96.15459pt too wide) in paragraph at lines 12--27
 [][] 
 []

[29



] (/usr/local/texlive/2023basic/texmf-dist/tex/latex/listings/lstlang1.sty
File: lstlang1.sty 2023/02/27 1.9 listings language file
)
Package hyperref Info: bookmark level for unknown lstlisting defaults to 0 on input line 46.
LaTeX Font Info:    Trying to load font information for OMS+cmr on input line 48.
 (/usr/local/texlive/2023basic/texmf-dist/tex/latex/base/omscmr.fd
File: omscmr.fd 2022/07/10 v2.5l Standard LaTeX font definitions
)
LaTeX Font Info:    Font shape `OMS/cmr/m/n' in size <9> not available
(Font)              Font shape `OMS/cmsy/m/n' tried instead on input line 48.
 [30]
<Appendices/Images/knn_predict-2023-04-15.png, id=978, 488.82625pt x 153.57375pt>
File: Appendices/Images/knn_predict-2023-04-15.png Graphic file (type png)
<use Appendices/Images/knn_predict-2023-04-15.png>
Package pdftex.def Info: Appendices/Images/knn_predict-2023-04-15.png  used on input line 102.
(pdftex.def)             Requested size: 360.0pt x 113.10147pt.
) [31 <./Appendices/Images/knn_predict-2023-04-15.png>]
\openout2 = `Chapter4/NeuralNetworks.aux'.

 (./Chapter4/NeuralNetworks.tex [32



]) [33] [34]
\openout2 = `Chapter5/Analysis.aux'.

 (./Chapter5/Analysis.tex [35



] [36]
Overfull \hbox (0.59824pt too wide) in paragraph at lines 71--72
[]\OT1/cmr/m/it/12 wlan[]radio.signal[]dbm \OT1/cmr/m/n/12 and \OT1/cmr/m/it/12 wlan[]radio.duration \OT1/cmr/m/n/12 gained an in-crease
 []


Overfull \hbox (0.112pt too wide) in paragraph at lines 75--76
\OT1/cmr/m/n/12 across the classes; how-ever, due to the im-bal-anced na-ture of the dataset,
 []


Overfull \hbox (8.70183pt too wide) in paragraph at lines 75--76
\OT1/cmr/m/n/12 SQL In-jec-tion & SSH). It-er-a-tive and ex-ploratory ex-per-i-men-ta-tion showed
 []

) [37]
\openout2 = `Chapter5/XGB.aux'.

 (./Chapter5/XGB.tex
Overfull \hbox (14.26659pt too wide) in paragraph at lines 9--17
 [][] 
 []


Overfull \hbox (11.80263pt too wide) in paragraph at lines 23--36
 [][] 
 []

[38



] [39]
Overfull \hbox (10.17355pt too wide) in paragraph at lines 72--73
\OT1/cmr/m/it/12 arp.hw.size, tcp.checksum.status, http.request.method, http.response.code,
 []

) [40]
\openout2 = `Chapter5/MLP.aux'.

 (./Chapter5/MLP.tex
Overfull \hbox (11.80263pt too wide) in paragraph at lines 9--18
 [][] 
 []


Overfull \hbox (11.80263pt too wide) in paragraph at lines 24--36
 [][] 
 []

[41



] [42]) [43]
\openout2 = `Chapter5/FurtherAnalysis.aux'.

 (./Chapter5/FurtherAnalysis.tex
<Appendices/Images/RF/Model1/RF_Model1_CM.png, id=1065, 410.53375pt x 519.9425pt>
File: Appendices/Images/RF/Model1/RF_Model1_CM.png Graphic file (type png)
<use Appendices/Images/RF/Model1/RF_Model1_CM.png>
Package pdftex.def Info: Appendices/Images/RF/Model1/RF_Model1_CM.png  used on input line 34.
(pdftex.def)             Requested size: 288.0011pt x 364.75064pt.
 [44



] [45 <./Appendices/Images/RF/Model1/RF_Model1_CM.png>]
<Appendices/Images/RF/Model1/RF_Model1_FI.png, id=1076, 665.48625pt x 483.8075pt>
File: Appendices/Images/RF/Model1/RF_Model1_FI.png Graphic file (type png)
<use Appendices/Images/RF/Model1/RF_Model1_FI.png>
Package pdftex.def Info: Appendices/Images/RF/Model1/RF_Model1_FI.png  used on input line 41.
(pdftex.def)             Requested size: 360.0pt x 261.72462pt.
<Appendices/Images/XGB/Model10/XGB_Model10_CM.png, id=1080, 410.53375pt x 442.65375pt>
File: Appendices/Images/XGB/Model10/XGB_Model10_CM.png Graphic file (type png)
<use Appendices/Images/XGB/Model10/XGB_Model10_CM.png>
Package pdftex.def Info: Appendices/Images/XGB/Model10/XGB_Model10_CM.png  used on input line 77.
(pdftex.def)             Requested size: 288.0011pt x 310.53093pt.
 [46 <./Appendices/Images/RF/Model1/RF_Model1_FI.png>]
<Appendices/Images/XGB/Model10/XGB_Model10_FI.png, id=1087, 684.5575pt x 483.8075pt>
File: Appendices/Images/XGB/Model10/XGB_Model10_FI.png Graphic file (type png)
<use Appendices/Images/XGB/Model10/XGB_Model10_FI.png>
Package pdftex.def Info: Appendices/Images/XGB/Model10/XGB_Model10_FI.png  used on input line 84.
(pdftex.def)             Requested size: 360.0pt x 254.43091pt.
 [47 <./Appendices/Images/XGB/Model10/XGB_Model10_CM.png>]
<Appendices/Images/MLP/Model4/MLP_Model4_CM.png, id=1097, 410.53375pt x 519.9425pt>
File: Appendices/Images/MLP/Model4/MLP_Model4_CM.png Graphic file (type png)
<use Appendices/Images/MLP/Model4/MLP_Model4_CM.png>
Package pdftex.def Info: Appendices/Images/MLP/Model4/MLP_Model4_CM.png  used on input line 120.
(pdftex.def)             Requested size: 288.0011pt x 364.75064pt.
 [48 <./Appendices/Images/XGB/Model10/XGB_Model10_FI.png>] [49 <./Appendices/Images/MLP/Model4/MLP_Model4_CM.png>]
<Appendices/Images/MLP/Model4/MLP_Fold_4_Loss.png, id=1109, 462.528pt x 346.896pt>
File: Appendices/Images/MLP/Model4/MLP_Fold_4_Loss.png Graphic file (type png)
<use Appendices/Images/MLP/Model4/MLP_Fold_4_Loss.png>
Package pdftex.def Info: Appendices/Images/MLP/Model4/MLP_Fold_4_Loss.png  used on input line 129.
(pdftex.def)             Requested size: 161.9989pt x 121.5001pt.
<Appendices/Images/MLP/Model4/MLP_Fold_6_Loss.png, id=1110, 462.528pt x 346.896pt>
File: Appendices/Images/MLP/Model4/MLP_Fold_6_Loss.png Graphic file (type png)
<use Appendices/Images/MLP/Model4/MLP_Fold_6_Loss.png>
Package pdftex.def Info: Appendices/Images/MLP/Model4/MLP_Fold_6_Loss.png  used on input line 135.
(pdftex.def)             Requested size: 161.9989pt x 121.5001pt.
<Appendices/Images/Metrics.png, id=1111, 515.745pt x 312.513pt>
File: Appendices/Images/Metrics.png Graphic file (type png)
<use Appendices/Images/Metrics.png>
Package pdftex.def Info: Appendices/Images/Metrics.png  used on input line 158.
(pdftex.def)             Requested size: 360.0pt x 218.14723pt.
<Appendices/Images/Metrics2.png, id=1112, 755.331pt x 334.632pt>
File: Appendices/Images/Metrics2.png Graphic file (type png)
<use Appendices/Images/Metrics2.png>
Package pdftex.def Info: Appendices/Images/Metrics2.png  used on input line 164.
(pdftex.def)             Requested size: 360.0pt x 159.49309pt.
 [50 <./Appendices/Images/MLP/Model4/MLP_Fold_4_Loss.png> <./Appendices/Images/MLP/Model4/MLP_Fold_6_Loss.png> <./Appendices/Images/Metrics.png>]
Overfull \hbox (7.90565pt too wide) in paragraph at lines 175--176
\OT1/cmr/m/n/12 fea-tures, such as \OT1/cmr/m/it/12 http.request.method, ip.ttl, ra-dio-tap.dbm[]antsignal\OT1/cmr/m/n/12 . 
 []


Overfull \hbox (66.46983pt too wide) in paragraph at lines 176--177
\OT1/cmr/m/n/12 802.11w and ap-pli-ca-tion layer fea-tures such as \OT1/cmr/m/it/12 ARP, ip.ttl, tcp.checksum.status,
 []

[51 <./Appendices/Images/Metrics2.png>]) [52]
\openout2 = `Chapter6/Conclusion.aux'.

 (./Chapter6/Conclusion.tex [53



] [54] [55]) [56]
\openout2 = `Chapter7/Chapter7.aux'.

 (./Chapter7/Chapter7.tex)
\openout2 = `Chapter8/Chapter8.aux'.

 (./Chapter8/Chapter8.tex)
\openout2 = `Chapter9/Chapter9.aux'.

 (./Chapter9/Chapter9.tex)
Overfull \hbox (25.03285pt too wide) in paragraph at lines 131--131
[][]\OT1/cmr/m/n/10.95 Agrawal, Anand, Urbi Chat-ter-jee, and Ra-jib Ran-jan Maiti (2022). ``KTRACKER:
 []


Overfull \hbox (69.51688pt too wide) in paragraph at lines 131--131
\OT1/cmr/m/it/10.95 Neu-ral Net-work\OT1/cmr/m/n/10.95 . Ma-chine Learn-ing Mas-tery. \OT1/cmr/m/sc/10.95 url\OT1/cmr/m/n/10.95 : []$\OT1/cmtt/m/n/10.95 https : / / machinelearningmastery .
 []


Overfull \hbox (3.38474pt too wide) in paragraph at lines 131--131
[][]\OT1/cmr/m/n/10.95 d'Otreppe, Thomas (Nov. 2011). \OT1/cmr/m/it/10.95 OpenWIPS-ng\OT1/cmr/m/n/10.95 . OpenWIPS-ng. \OT1/cmr/m/sc/10.95 url\OT1/cmr/m/n/10.95 : []$\OT1/cmtt/m/n/10.95 https :
 []

[57











] [58]

Package biblatex Warning: Month out of range
(biblatex)                at entry 'pmlr-v29-Koco13' on input line 131.

[59]
Overfull \hbox (14.05644pt too wide) in paragraph at lines 131--131
\OT1/cmr/m/it/10.95 Het-ero-ge-neous Sys-tems\OT1/cmr/m/n/10.95 . Soft-ware avail-able from ten-sor-flow.org. \OT1/cmr/m/sc/10.95 url\OT1/cmr/m/n/10.95 : []$\OT1/cmtt/m/n/10.95 https :
 []

[60]
Overfull \hbox (4.05882pt too wide) in paragraph at lines 131--131
\OT1/cmr/m/it/10.95 In-tru-sion De-tec-tion Dataset Gen-er-ated over 5G Wire-less Net-work\OT1/cmr/m/n/10.95 . []$\OT1/cmtt/m/n/10.95 https :
 []


Overfull \hbox (7.37868pt too wide) in paragraph at lines 131--131
\OT1/cmr/m/n/10.95 Forc-ing Nonce Reuse in WPA2''. In: \OT1/cmr/m/it/10.95 Pro-ceed-ings of the 2017 ACM SIGSAC
 []

[61]
\openout2 = `Appendices/Appendices.aux'.

 (./Appendices/Appendices.tex
<Appendices/Images/ethical_approval.png, id=1260, 963.6pt x 603.25375pt>
File: Appendices/Images/ethical_approval.png Graphic file (type png)
<use Appendices/Images/ethical_approval.png>
Package pdftex.def Info: Appendices/Images/ethical_approval.png  used on input line 10.
(pdftex.def)             Requested size: 360.0pt x 225.37274pt.
 [62

 <./Appendices/Images/ethical_approval.png>] (/usr/local/texlive/2023basic/texmf-dist/tex/latex/listings/lstlang1.sty
File: lstlang1.sty 2023/02/27 1.9 listings language file
) (/usr/local/texlive/2023basic/texmf-dist/tex/latex/listings/lstlang1.sty
File: lstlang1.sty 2023/02/27 1.9 listings language file
)
LaTeX Font Info:    Trying to load font information for OML+cmr on input line 63.
 (/usr/local/texlive/2023basic/texmf-dist/tex/latex/base/omlcmr.fd
File: omlcmr.fd 2022/07/10 v2.5l Standard LaTeX font definitions
)
LaTeX Font Info:    Font shape `OML/cmr/m/n' in size <9> not available
(Font)              Font shape `OML/cmm/m/it' tried instead on input line 63.
 [63] [64] [65] [66] [67] [68] [69] [70] [71]
<Appendices/Images/RF/Model0/rf_stock_cm.png, id=1608, 578.16pt x 578.16pt>
File: Appendices/Images/RF/Model0/rf_stock_cm.png Graphic file (type png)
<use Appendices/Images/RF/Model0/rf_stock_cm.png>
Package pdftex.def Info: Appendices/Images/RF/Model0/rf_stock_cm.png  used on input line 421.
(pdftex.def)             Requested size: 462.52863pt x 462.52863pt.

Overfull \hbox (102.52863pt too wide) in paragraph at lines 421--422
 [] 
 []

[72]
<Appendices/Images/RF/Model0/rf_stock_feature_imp.png, id=1653, 1084.05pt x 1084.05pt>
File: Appendices/Images/RF/Model0/rf_stock_feature_imp.png Graphic file (type png)
<use Appendices/Images/RF/Model0/rf_stock_feature_imp.png>
Package pdftex.def Info: Appendices/Images/RF/Model0/rf_stock_feature_imp.png  used on input line 426.
(pdftex.def)             Requested size: 360.0pt x 360.00375pt.

Overfull \hbox (17.0pt too wide) in paragraph at lines 426--427
[][] 
 []

[73 <./Appendices/Images/RF/Model0/rf_stock_cm.png>] [74 <./Appendices/Images/RF/Model0/rf_stock_feature_imp.png>]
File: Appendices/Images/RF/Model1/RF_Model1_CM.png Graphic file (type png)
<use Appendices/Images/RF/Model1/RF_Model1_CM.png>
Package pdftex.def Info: Appendices/Images/RF/Model1/RF_Model1_CM.png  used on input line 472.
(pdftex.def)             Requested size: 360.0pt x 455.94029pt.
 [75]
File: Appendices/Images/RF/Model1/RF_Model1_FI.png Graphic file (type png)
<use Appendices/Images/RF/Model1/RF_Model1_FI.png>
Package pdftex.def Info: Appendices/Images/RF/Model1/RF_Model1_FI.png  used on input line 474.
(pdftex.def)             Requested size: 360.0pt x 261.72462pt.
 [76] [77]
<Appendices/Images/RF/Model2/RF_Model2_FI.png, id=1717, 665.48625pt x 483.8075pt>
File: Appendices/Images/RF/Model2/RF_Model2_FI.png Graphic file (type png)
<use Appendices/Images/RF/Model2/RF_Model2_FI.png>
Package pdftex.def Info: Appendices/Images/RF/Model2/RF_Model2_FI.png  used on input line 514.
(pdftex.def)             Requested size: 360.0pt x 261.72462pt.
 [78] [79 <./Appendices/Images/RF/Model2/RF_Model2_FI.png>]
<Appendices/Images/RF/Model3/RF_Model3_FI.png, id=1758, 665.48625pt x 483.8075pt>
File: Appendices/Images/RF/Model3/RF_Model3_FI.png Graphic file (type png)
<use Appendices/Images/RF/Model3/RF_Model3_FI.png>
Package pdftex.def Info: Appendices/Images/RF/Model3/RF_Model3_FI.png  used on input line 565.
(pdftex.def)             Requested size: 360.0pt x 261.72462pt.
 [80] [81 <./Appendices/Images/RF/Model3/RF_Model3_FI.png>]
<Appendices/Images/RF/Model4/RF_Model4_FI.png, id=1809, 667.49374pt x 483.8075pt>
File: Appendices/Images/RF/Model4/RF_Model4_FI.png Graphic file (type png)
<use Appendices/Images/RF/Model4/RF_Model4_FI.png>
Package pdftex.def Info: Appendices/Images/RF/Model4/RF_Model4_FI.png  used on input line 616.
(pdftex.def)             Requested size: 360.0pt x 260.93472pt.
 [82] [83 <./Appendices/Images/RF/Model4/RF_Model4_FI.png>]
<Appendices/Images/RF/Model5/RF_Model5_FI.png, id=1863, 665.48625pt x 483.8075pt>
File: Appendices/Images/RF/Model5/RF_Model5_FI.png Graphic file (type png)
<use Appendices/Images/RF/Model5/RF_Model5_FI.png>
Package pdftex.def Info: Appendices/Images/RF/Model5/RF_Model5_FI.png  used on input line 667.
(pdftex.def)             Requested size: 360.0pt x 261.72462pt.
 [84] [85 <./Appendices/Images/RF/Model5/RF_Model5_FI.png>]
<Appendices/Images/XGB/Model0/XGB_Model0_FI.png, id=1915, 684.5575pt x 483.8075pt>
File: Appendices/Images/XGB/Model0/XGB_Model0_FI.png Graphic file (type png)
<use Appendices/Images/XGB/Model0/XGB_Model0_FI.png>
Package pdftex.def Info: Appendices/Images/XGB/Model0/XGB_Model0_FI.png  used on input line 717.
(pdftex.def)             Requested size: 360.0pt x 254.43091pt.
 [86] [87 <./Appendices/Images/XGB/Model0/XGB_Model0_FI.png>]
<Appendices/Images/XGB/Model1/XGB_Model1_FI.png, id=1983, 684.5575pt x 483.8075pt>
File: Appendices/Images/XGB/Model1/XGB_Model1_FI.png Graphic file (type png)
<use Appendices/Images/XGB/Model1/XGB_Model1_FI.png>
Package pdftex.def Info: Appendices/Images/XGB/Model1/XGB_Model1_FI.png  used on input line 762.
(pdftex.def)             Requested size: 360.0pt x 254.43091pt.
 [88 <./Appendices/Images/XGB/Model1/XGB_Model1_FI.png>]
<Appendices/Images/XGB/Model2/XGB_Model2_FI.png, id=2010, 684.5575pt x 483.8075pt>
File: Appendices/Images/XGB/Model2/XGB_Model2_FI.png Graphic file (type png)
<use Appendices/Images/XGB/Model2/XGB_Model2_FI.png>
Package pdftex.def Info: Appendices/Images/XGB/Model2/XGB_Model2_FI.png  used on input line 803.
(pdftex.def)             Requested size: 360.0pt x 254.43091pt.
 [89 <./Appendices/Images/XGB/Model2/XGB_Model2_FI.png>]
<Appendices/Images/XGB/Model3/XGB_Model3_FI.png, id=2039, 684.5575pt x 483.8075pt>
File: Appendices/Images/XGB/Model3/XGB_Model3_FI.png Graphic file (type png)
<use Appendices/Images/XGB/Model3/XGB_Model3_FI.png>
Package pdftex.def Info: Appendices/Images/XGB/Model3/XGB_Model3_FI.png  used on input line 843.
(pdftex.def)             Requested size: 360.0pt x 254.43091pt.
 [90] [91 <./Appendices/Images/XGB/Model3/XGB_Model3_FI.png>]
<Appendices/Images/XGB/Model5/XGB_Model5_FI.png, id=2098, 684.5575pt x 483.8075pt>
File: Appendices/Images/XGB/Model5/XGB_Model5_FI.png Graphic file (type png)
<use Appendices/Images/XGB/Model5/XGB_Model5_FI.png>
Package pdftex.def Info: Appendices/Images/XGB/Model5/XGB_Model5_FI.png  used on input line 894.
(pdftex.def)             Requested size: 360.0pt x 254.43091pt.
 [92 <./Appendices/Images/XGB/Model5/XGB_Model5_FI.png>]
<Appendices/Images/XGB/Model6/XGB_Model6_FI.png, id=2125, 684.5575pt x 483.8075pt>
File: Appendices/Images/XGB/Model6/XGB_Model6_FI.png Graphic file (type png)
<use Appendices/Images/XGB/Model6/XGB_Model6_FI.png>
Package pdftex.def Info: Appendices/Images/XGB/Model6/XGB_Model6_FI.png  used on input line 935.
(pdftex.def)             Requested size: 360.0pt x 254.43091pt.
 [93] [94 <./Appendices/Images/XGB/Model6/XGB_Model6_FI.png>]
<Appendices/Images/XGB/Model7/XGB_Model7_FI.png, id=2190, 684.5575pt x 483.8075pt>
File: Appendices/Images/XGB/Model7/XGB_Model7_FI.png Graphic file (type png)
<use Appendices/Images/XGB/Model7/XGB_Model7_FI.png>
Package pdftex.def Info: Appendices/Images/XGB/Model7/XGB_Model7_FI.png  used on input line 976.
(pdftex.def)             Requested size: 360.0pt x 254.43091pt.
 [95 <./Appendices/Images/XGB/Model7/XGB_Model7_FI.png>] [96]
File: Appendices/Images/XGB/Model10/XGB_Model10_FI.png Graphic file (type png)
<use Appendices/Images/XGB/Model10/XGB_Model10_FI.png>
Package pdftex.def Info: Appendices/Images/XGB/Model10/XGB_Model10_FI.png  used on input line 1076.
(pdftex.def)             Requested size: 360.0pt x 254.43091pt.
 [97] [98]
<Appendices/Images/XGB/Model11/XGB_Model11_FI.png, id=2326, 684.5575pt x 483.8075pt>
File: Appendices/Images/XGB/Model11/XGB_Model11_FI.png Graphic file (type png)
<use Appendices/Images/XGB/Model11/XGB_Model11_FI.png>
Package pdftex.def Info: Appendices/Images/XGB/Model11/XGB_Model11_FI.png  used on input line 1125.
(pdftex.def)             Requested size: 360.0pt x 254.43091pt.
 [99 <./Appendices/Images/XGB/Model11/XGB_Model11_FI.png>]

Package hyperref Warning: Difference (2) between bookmark levels is greater 
(hyperref)                than one, level fixed on input line 1134.

[100

] [101] [102]
<Appendices/Images/MLP/Model4/MLP_Fold_1_Loss.png, id=2501, 462.528pt x 346.896pt>
File: Appendices/Images/MLP/Model4/MLP_Fold_1_Loss.png Graphic file (type png)
<use Appendices/Images/MLP/Model4/MLP_Fold_1_Loss.png>
Package pdftex.def Info: Appendices/Images/MLP/Model4/MLP_Fold_1_Loss.png  used on input line 1341.
(pdftex.def)             Requested size: 143.9978pt x 107.99715pt.
<Appendices/Images/MLP/Model4/MLP_Fold_2_Loss.png, id=2502, 462.528pt x 346.896pt>
File: Appendices/Images/MLP/Model4/MLP_Fold_2_Loss.png Graphic file (type png)
<use Appendices/Images/MLP/Model4/MLP_Fold_2_Loss.png>
Package pdftex.def Info: Appendices/Images/MLP/Model4/MLP_Fold_2_Loss.png  used on input line 1342.
(pdftex.def)             Requested size: 143.9978pt x 107.99715pt.
<Appendices/Images/MLP/Model4/MLP_Fold_3_Loss.png, id=2503, 462.528pt x 346.896pt>
File: Appendices/Images/MLP/Model4/MLP_Fold_3_Loss.png Graphic file (type png)
<use Appendices/Images/MLP/Model4/MLP_Fold_3_Loss.png>
Package pdftex.def Info: Appendices/Images/MLP/Model4/MLP_Fold_3_Loss.png  used on input line 1343.
(pdftex.def)             Requested size: 143.9978pt x 107.99715pt.
File: Appendices/Images/MLP/Model4/MLP_Fold_4_Loss.png Graphic file (type png)
<use Appendices/Images/MLP/Model4/MLP_Fold_4_Loss.png>
Package pdftex.def Info: Appendices/Images/MLP/Model4/MLP_Fold_4_Loss.png  used on input line 1344.
(pdftex.def)             Requested size: 143.9978pt x 107.99715pt.
<Appendices/Images/MLP/Model4/MLP_Fold_5_Loss.png, id=2504, 462.528pt x 346.896pt>
File: Appendices/Images/MLP/Model4/MLP_Fold_5_Loss.png Graphic file (type png)
<use Appendices/Images/MLP/Model4/MLP_Fold_5_Loss.png>
Package pdftex.def Info: Appendices/Images/MLP/Model4/MLP_Fold_5_Loss.png  used on input line 1345.
(pdftex.def)             Requested size: 143.9978pt x 107.99715pt.
File: Appendices/Images/MLP/Model4/MLP_Fold_6_Loss.png Graphic file (type png)
<use Appendices/Images/MLP/Model4/MLP_Fold_6_Loss.png>
Package pdftex.def Info: Appendices/Images/MLP/Model4/MLP_Fold_6_Loss.png  used on input line 1349.
(pdftex.def)             Requested size: 143.9978pt x 107.99715pt.
<Appendices/Images/MLP/Model4/MLP_Fold_7_Loss.png, id=2505, 462.528pt x 346.896pt>
File: Appendices/Images/MLP/Model4/MLP_Fold_7_Loss.png Graphic file (type png)
<use Appendices/Images/MLP/Model4/MLP_Fold_7_Loss.png>
Package pdftex.def Info: Appendices/Images/MLP/Model4/MLP_Fold_7_Loss.png  used on input line 1350.
(pdftex.def)             Requested size: 143.9978pt x 107.99715pt.
<Appendices/Images/MLP/Model4/MLP_Fold_8_Loss.png, id=2506, 462.528pt x 346.896pt>
File: Appendices/Images/MLP/Model4/MLP_Fold_8_Loss.png Graphic file (type png)
<use Appendices/Images/MLP/Model4/MLP_Fold_8_Loss.png>
Package pdftex.def Info: Appendices/Images/MLP/Model4/MLP_Fold_8_Loss.png  used on input line 1351.
(pdftex.def)             Requested size: 143.9978pt x 107.99715pt.
<Appendices/Images/MLP/Model4/MLP_Fold_9_Loss.png, id=2507, 462.528pt x 346.896pt>
File: Appendices/Images/MLP/Model4/MLP_Fold_9_Loss.png Graphic file (type png)
<use Appendices/Images/MLP/Model4/MLP_Fold_9_Loss.png>
Package pdftex.def Info: Appendices/Images/MLP/Model4/MLP_Fold_9_Loss.png  used on input line 1352.
(pdftex.def)             Requested size: 143.9978pt x 107.99715pt.
<Appendices/Images/MLP/Model4/MLP_Fold_10_Loss.png, id=2508, 462.528pt x 346.896pt>
File: Appendices/Images/MLP/Model4/MLP_Fold_10_Loss.png Graphic file (type png)
<use Appendices/Images/MLP/Model4/MLP_Fold_10_Loss.png>
Package pdftex.def Info: Appendices/Images/MLP/Model4/MLP_Fold_10_Loss.png  used on input line 1353.
(pdftex.def)             Requested size: 143.9978pt x 107.99715pt.
 [103]
Overfull \vbox (61.78546pt too high) has occurred while \output is active []

 [104 <./Appendices/Images/MLP/Model4/MLP_Fold_1_Loss.png> <./Appendices/Images/MLP/Model4/MLP_Fold_2_Loss.png> <./Appendices/Images/MLP/Model4/MLP_Fold_3_Loss.png> <./Appendices/Images/MLP/Model4/MLP_Fold_5_Loss.png> <./Appendices/Images/MLP/Model4/MLP_Fold_7_Loss.png> <./Appendices/Images/MLP/Model4/MLP_Fold_8_Loss.png> <./Appendices/Images/MLP/Model4/MLP_Fold_9_Loss.png> <./Appendices/Images/MLP/Model4/MLP_Fold_10_Loss.png>] [105] [106]
<Appendices/Images/MLP/Model7/MLP_Model7_CM.png, id=2670, 410.53375pt x 519.9425pt>
File: Appendices/Images/MLP/Model7/MLP_Model7_CM.png Graphic file (type png)
<use Appendices/Images/MLP/Model7/MLP_Model7_CM.png>
Package pdftex.def Info: Appendices/Images/MLP/Model7/MLP_Model7_CM.png  used on input line 1489.
(pdftex.def)             Requested size: 360.0pt x 455.94029pt.
 [107] [108 <./Appendices/Images/MLP/Model7/MLP_Model7_CM.png>] [109] [110] [111] [112] [113] [114] [115] [116] [117] [118] [119] [120] [121] [122] [123] [124] [125] [126] [127] [128] [129] [130] [131] [132] [133] [134] [135] [136] [137] [138]) [139]
\openout2 = `Appendices/Metrics.aux'.

 (./Appendices/Metrics.tex) (/Users/vivid/Documents/University/Dissertation/Biblatex/.texpadtmp/Report.aux (/Users/vivid/Documents/University/Dissertation/Biblatex/.texpadtmp/Preamble/Frontpage.aux) (/Users/vivid/Documents/University/Dissertation/Biblatex/.texpadtmp/Preamble/Abstract.aux) (/Users/vivid/Documents/University/Dissertation/Biblatex/.texpadtmp/Preamble/Acknowledgements.aux) (/Users/vivid/Documents/University/Dissertation/Biblatex/.texpadtmp/Preamble/Abbreviations.aux) (/Users/vivid/Documents/University/Dissertation/Biblatex/.texpadtmp/Preamble/Contents.aux) (/Users/vivid/Documents/University/Dissertation/Biblatex/.texpadtmp/Preamble/Lists.aux) (/Users/vivid/Documents/University/Dissertation/Biblatex/.texpadtmp/Preamble/ChapterMods.aux) (/Users/vivid/Documents/University/Dissertation/Biblatex/.texpadtmp/Chapter1/Chapter1.aux) (/Users/vivid/Documents/University/Dissertation/Biblatex/.texpadtmp/Chapter2/Chapter2.aux) (/Users/vivid/Documents/University/Dissertation/Biblatex/.texpadtmp/Chapter3/Chapter3.aux) (/Users/vivid/Documents/University/Dissertation/Biblatex/.texpadtmp/Chapter3/FeatureSelection.aux) (/Users/vivid/Documents/University/Dissertation/Biblatex/.texpadtmp/Chapter3/DataSplit.aux)
(/Users/vivid/Documents/University/Dissertation/Biblatex/.texpadtmp/Chapter3/PreProcessing.aux) (/Users/vivid/Documents/University/Dissertation/Biblatex/.texpadtmp/Chapter3/Models.aux) (/Users/vivid/Documents/University/Dissertation/Biblatex/.texpadtmp/Chapter3/Metrics.aux) (/Users/vivid/Documents/University/Dissertation/Biblatex/.texpadtmp/Chapter4/Chapter4.aux) (/Users/vivid/Documents/University/Dissertation/Biblatex/.texpadtmp/Chapter4/RandomForest.aux) (/Users/vivid/Documents/University/Dissertation/Biblatex/.texpadtmp/Chapter4/XGBoost.aux) (/Users/vivid/Documents/University/Dissertation/Biblatex/.texpadtmp/Chapter4/NeuralNetworks.aux) (/Users/vivid/Documents/University/Dissertation/Biblatex/.texpadtmp/Chapter5/Analysis.aux) (/Users/vivid/Documents/University/Dissertation/Biblatex/.texpadtmp/Chapter5/XGB.aux) (/Users/vivid/Documents/University/Dissertation/Biblatex/.texpadtmp/Chapter5/MLP.aux) (/Users/vivid/Documents/University/Dissertation/Biblatex/.texpadtmp/Chapter5/FurtherAnalysis.aux) (/Users/vivid/Documents/University/Dissertation/Biblatex/.texpadtmp/Chapter6/Conclusion.aux) (/Users/vivid/Documents/University/Dissertation/Biblatex/.texpadtmp/Chapter7/Chapter7.aux) (/Users/vivid/Documents/University/Dissertation/Biblatex/.texpadtmp/Chapter8/Chapter8.aux) (/Users/vivid/Documents/University/Dissertation/Biblatex/.texpadtmp/Chapter9/Chapter9.aux) (/Users/vivid/Documents/University/Dissertation/Biblatex/.texpadtmp/Appendices/Appendices.aux) (/Users/vivid/Documents/University/Dissertation/Biblatex/.texpadtmp/Appendices/Metrics.aux))
Package rerunfilecheck Info: File `Report.out' has not changed.
(rerunfilecheck)             Checksum: C64FEA1AD26E6A499EBED3DC739FF0F7;17773.
Package logreq Info: Writing requests to 'Report.run.xml'.
\openout1 = `Report.run.xml'.

 ) 
Here is how much of TeX's memory you used:
 26374 strings out of 477476
 480798 string characters out of 5824244
 2612388 words of memory out of 5000000
 43218 multiletter control sequences out of 15000+600000
 521420 words of font info for 63 fonts, out of 8000000 for 9000
 319 hyphenation exceptions out of 8191
 63i,12n,73p,1873b,2100s stack positions out of 10000i,1000n,20000p,200000b,200000s
 </Users/vivid/Library/texlive/2023basic/texmf-var/fonts/pk/ljfour/jknappen/ec/tcrm0900.600pk> </Users/vivid/Library/texlive/2023basic/texmf-var/fonts/pk/ljfour/jknappen/ec/tcrm1200.600pk></usr/local/texlive/2023basic/texmf-dist/fonts/type1/public/amsfonts/cm/cmbx10.pfb></usr/local/texlive/2023basic/texmf-dist/fonts/type1/public/amsfonts/cm/cmbx12.pfb></usr/local/texlive/2023basic/texmf-dist/fonts/type1/public/amsfonts/cm/cmbx9.pfb></usr/local/texlive/2023basic/texmf-dist/fonts/type1/public/amsfonts/cm/cmcsc10.pfb></usr/local/texlive/2023basic/texmf-dist/fonts/type1/public/amsfonts/cm/cmmi12.pfb></usr/local/texlive/2023basic/texmf-dist/fonts/type1/public/amsfonts/cm/cmmi9.pfb></usr/local/texlive/2023basic/texmf-dist/fonts/type1/public/amsfonts/cm/cmr10.pfb></usr/local/texlive/2023basic/texmf-dist/fonts/type1/public/amsfonts/cm/cmr12.pfb></usr/local/texlive/2023basic/texmf-dist/fonts/type1/public/amsfonts/cm/cmr6.pfb></usr/local/texlive/2023basic/texmf-dist/fonts/type1/public/amsfonts/cm/cmr8.pfb></usr/local/texlive/2023basic/texmf-dist/fonts/type1/public/amsfonts/cm/cmr9.pfb></usr/local/texlive/2023basic/texmf-dist/fonts/type1/public/amsfonts/cm/cmsy10.pfb></usr/local/texlive/2023basic/texmf-dist/fonts/type1/public/amsfonts/cm/cmsy9.pfb></usr/local/texlive/2023basic/texmf-dist/fonts/type1/public/amsfonts/cm/cmti10.pfb></usr/local/texlive/2023basic/texmf-dist/fonts/type1/public/amsfonts/cm/cmti12.pfb></usr/local/texlive/2023basic/texmf-dist/fonts/type1/public/amsfonts/cm/cmtt10.pfb>
Output written on /Users/vivid/Documents/University/Dissertation/Biblatex/.texpadtmp/Report.pdf (147 pages, 1821676 bytes).
PDF statistics:
 4820 PDF objects out of 5155 (max. 8388607)
 4517 compressed objects within 46 object streams
 2872 named destinations out of 2984 (max. 500000)
 1056 words of extra memory for PDF output out of 10000 (max. 10000000)

