\BOOKMARK [1][-]{section*.1}{\376\377\000A\000b\000s\000t\000r\000a\000c\000t}{}% 1
\BOOKMARK [1][-]{section*.2}{\376\377\000A\000b\000b\000r\000e\000v\000i\000a\000t\000i\000o\000n\000s}{}% 2
\BOOKMARK [1][-]{section*.4}{\376\377\000L\000i\000s\000t\000\040\000o\000f\000\040\000F\000i\000g\000u\000r\000e\000s}{}% 3
\BOOKMARK [1][-]{section*.5}{\376\377\000L\000i\000s\000t\000\040\000o\000f\000\040\000T\000a\000b\000l\000e\000s}{}% 4
\BOOKMARK [1][-]{section.1}{\376\377\000I\000n\000t\000r\000o\000d\000u\000c\000t\000i\000o\000n}{}% 5
\BOOKMARK [2][-]{subsection.1.1}{\376\377\000W\000i\000r\000e\000l\000e\000s\000s\000\040\000N\000e\000t\000w\000o\000r\000k\000s\000\040\000A\000n\000d\000\040\000A\000t\000t\000a\000c\000k\000s}{section.1}% 6
\BOOKMARK [2][-]{subsection.1.2}{\376\377\000I\000n\000t\000r\000u\000s\000i\000o\000n\000\040\000D\000e\000t\000e\000c\000t\000i\000o\000n\000\040\000S\000y\000s\000t\000e\000m\000s}{section.1}% 7
\BOOKMARK [2][-]{subsection.1.3}{\376\377\000R\000e\000s\000e\000a\000r\000c\000h\000\040\000Q\000u\000e\000s\000t\000i\000o\000n\000s\000\040\000a\000n\000d\000\040\000O\000b\000j\000e\000c\000t\000i\000v\000e\000s}{section.1}% 8
\BOOKMARK [1][-]{section.2}{\376\377\000L\000i\000t\000e\000r\000a\000t\000u\000r\000e\000\040\000R\000e\000v\000i\000e\000w}{}% 9
\BOOKMARK [2][-]{subsection.2.1}{\376\377\000D\000a\000t\000a\000s\000e\000t\000s}{section.2}% 10
\BOOKMARK [2][-]{subsection.2.2}{\376\377\000I\000n\000t\000r\000u\000s\000i\000o\000n\000\040\000D\000e\000t\000e\000c\000t\000i\000o\000n\000\040\000S\000y\000s\000t\000e\000m\000s}{section.2}% 11
\BOOKMARK [2][-]{subsection.2.3}{\376\377\000D\000e\000t\000e\000c\000t\000i\000n\000g\000\040\000N\000e\000t\000w\000o\000r\000k\000\040\000A\000t\000t\000a\000c\000k\000s}{section.2}% 12
\BOOKMARK [2][-]{subsection.2.4}{\376\377\000M\000a\000c\000h\000i\000n\000e\000\040\000L\000e\000a\000r\000n\000i\000n\000g\000\040\000A\000l\000g\000o\000r\000i\000t\000h\000m\000s}{section.2}% 13
\BOOKMARK [2][-]{subsection.2.5}{\376\377\000S\000u\000m\000m\000a\000r\000y}{section.2}% 14
\BOOKMARK [1][-]{section.3}{\376\377\000M\000e\000t\000h\000o\000d\000o\000l\000o\000g\000y}{}% 15
\BOOKMARK [2][-]{subsection.3.1}{\376\377\000E\000t\000h\000i\000c\000s\000\040\000\046\000\040\000R\000i\000s\000k\000s}{section.3}% 16
\BOOKMARK [2][-]{subsection.3.2}{\376\377\000C\000o\000d\000e\000\040\000E\000n\000v\000i\000r\000o\000n\000m\000e\000n\000t}{section.3}% 17
\BOOKMARK [2][-]{subsection.3.3}{\376\377\000L\000i\000b\000r\000a\000r\000i\000e\000s}{section.3}% 18
\BOOKMARK [2][-]{subsection.3.4}{\376\377\000F\000e\000a\000t\000u\000r\000e\000\040\000S\000e\000l\000e\000c\000t\000i\000o\000n}{section.3}% 19
\BOOKMARK [3][-]{subsubsection.3.4.1}{\376\377\000A\000p\000p\000l\000i\000c\000a\000t\000i\000o\000n\000\040\000L\000a\000y\000e\000r\000\040\000F\000e\000a\000t\000u\000r\000e\000s}{subsection.3.4}% 20
\BOOKMARK [3][-]{subsubsection.3.4.2}{\376\377\0008\0000\0002\000.\0001\0001\000\040\000a\000n\000d\000\040\000N\000o\000n\000-\0008\0000\0002\000.\0001\0001\000\040\000F\000e\000a\000t\000u\000r\000e\000s}{subsection.3.4}% 21
\BOOKMARK [2][-]{subsection.3.5}{\376\377\000D\000a\000t\000a\000s\000e\000t\000\040\000M\000a\000n\000i\000p\000u\000l\000a\000t\000i\000o\000n}{section.3}% 22
\BOOKMARK [2][-]{subsection.3.6}{\376\377\000D\000a\000t\000a\000\040\000P\000r\000e\000-\000P\000r\000o\000c\000e\000s\000s\000i\000n\000g}{section.3}% 23
\BOOKMARK [3][-]{subsubsection.3.6.1}{\376\377\000E\000n\000c\000o\000d\000i\000n\000g}{subsection.3.6}% 24
\BOOKMARK [3][-]{subsubsection.3.6.2}{\376\377\000N\000o\000r\000m\000a\000l\000i\000s\000a\000t\000i\000o\000n}{subsection.3.6}% 25
\BOOKMARK [2][-]{subsection.3.7}{\376\377\000D\000a\000t\000a\000\040\000B\000a\000l\000a\000n\000c\000i\000n\000g}{section.3}% 26
\BOOKMARK [2][-]{subsection.3.8}{\376\377\000D\000a\000t\000a\000\040\000S\000p\000l\000i\000t}{section.3}% 27
\BOOKMARK [2][-]{subsection.3.9}{\376\377\000C\000r\000o\000s\000s\000\040\000V\000a\000l\000i\000d\000a\000t\000i\000o\000n}{section.3}% 28
\BOOKMARK [2][-]{subsection.3.10}{\376\377\000M\000a\000c\000h\000i\000n\000e\000\040\000L\000e\000a\000r\000n\000i\000n\000g\000\040\000A\000l\000g\000o\000r\000i\000t\000h\000m\000s}{section.3}% 29
\BOOKMARK [3][-]{subsubsection.3.10.1}{\376\377\000R\000a\000n\000d\000o\000m\000\040\000F\000o\000r\000e\000s\000t}{subsection.3.10}% 30
\BOOKMARK [3][-]{subsubsection.3.10.2}{\376\377\000K\000-\000N\000e\000a\000r\000e\000s\000t\000\040\000N\000e\000i\000g\000h\000b\000o\000r}{subsection.3.10}% 31
\BOOKMARK [3][-]{subsubsection.3.10.3}{\376\377\000X\000G\000B\000o\000o\000s\000t}{subsection.3.10}% 32
\BOOKMARK [3][-]{subsubsection.3.10.4}{\376\377\000M\000u\000l\000t\000i\000-\000L\000a\000y\000e\000r\000\040\000P\000e\000r\000c\000e\000p\000t\000r\000o\000n}{subsection.3.10}% 33
\BOOKMARK [2][-]{subsection.3.11}{\376\377\000E\000v\000a\000l\000u\000a\000t\000i\000o\000n\000\040\000M\000e\000t\000r\000i\000c\000s}{section.3}% 34
\BOOKMARK [1][-]{section.4}{\376\377\000E\000x\000p\000e\000r\000i\000m\000e\000n\000t\000s}{}% 35
\BOOKMARK [2][-]{subsection.4.1}{\376\377\000I\000n\000i\000t\000i\000a\000l\000\040\000M\000o\000d\000e\000l\000l\000i\000n\000g}{section.4}% 36
\BOOKMARK [2][-]{subsection.4.2}{\376\377\000P\000a\000r\000a\000m\000e\000t\000e\000r\000\040\000T\000u\000n\000i\000n\000g}{section.4}% 37
\BOOKMARK [2][-]{subsection.4.3}{\376\377\000C\000l\000a\000s\000s\000i\000f\000i\000e\000r\000s}{section.4}% 38
\BOOKMARK [3][-]{subsubsection.4.3.1}{\376\377\000R\000a\000n\000d\000o\000m\000\040\000F\000o\000r\000e\000s\000t}{subsection.4.3}% 39
\BOOKMARK [3][-]{subsubsection.4.3.2}{\376\377\000X\000G\000B\000o\000o\000s\000t}{subsection.4.3}% 40
\BOOKMARK [3][-]{subsubsection.4.3.3}{\376\377\000K\000-\000N\000e\000a\000r\000e\000s\000t\000\040\000N\000e\000i\000g\000h\000b\000o\000r}{subsection.4.3}% 41
\BOOKMARK [2][-]{subsection.4.4}{\376\377\000N\000e\000u\000r\000a\000l\000\040\000N\000e\000t\000w\000o\000r\000k\000s}{section.4}% 42
\BOOKMARK [3][-]{subsubsection.4.4.1}{\376\377\000M\000u\000l\000t\000i\000-\000L\000a\000y\000e\000r\000\040\000P\000e\000r\000c\000e\000p\000t\000r\000o\000n\000\040\000\050\000M\000L\000P\000\051}{subsection.4.4}% 43
\BOOKMARK [1][-]{section.5}{\376\377\000A\000n\000a\000l\000y\000s\000i\000s\000\040\000O\000f\000\040\000R\000e\000s\000u\000l\000t\000s}{}% 44
\BOOKMARK [2][-]{subsection.5.1}{\376\377\000R\000a\000n\000d\000o\000m\000\040\000F\000o\000r\000e\000s\000t}{section.5}% 45
\BOOKMARK [2][-]{subsection.5.2}{\376\377\000X\000G\000B\000o\000o\000s\000t}{section.5}% 46
\BOOKMARK [2][-]{subsection.5.3}{\376\377\000M\000L\000P}{section.5}% 47
\BOOKMARK [2][-]{subsection.5.4}{\376\377\000C\000o\000m\000p\000a\000r\000i\000s\000o\000n\000\040\000o\000f\000\040\000M\000o\000d\000e\000l\000s}{section.5}% 48
\BOOKMARK [2][-]{subsection.5.5}{\376\377\000F\000e\000a\000t\000u\000r\000e\000\040\000I\000m\000p\000o\000r\000t\000a\000n\000c\000e}{section.5}% 49
\BOOKMARK [2][-]{subsection.5.6}{\376\377\000L\000i\000m\000i\000t\000a\000t\000i\000o\000n\000s}{section.5}% 50
\BOOKMARK [2][-]{subsection.5.7}{\376\377\000R\000e\000c\000o\000m\000m\000e\000n\000d\000a\000t\000i\000o\000n\000s}{section.5}% 51
\BOOKMARK [1][-]{section.6}{\376\377\000C\000o\000n\000c\000l\000u\000s\000i\000o\000n}{}% 52
\BOOKMARK [2][-]{subsection.6.1}{\376\377\000S\000u\000m\000m\000a\000r\000y\000\040\000O\000f\000\040\000F\000i\000n\000d\000i\000n\000g\000s}{section.6}% 53
\BOOKMARK [2][-]{subsection.6.2}{\376\377\000P\000r\000o\000j\000e\000c\000t\000\040\000R\000e\000v\000i\000e\000w}{section.6}% 54
\BOOKMARK [2][-]{subsection.6.3}{\376\377\000O\000b\000j\000e\000c\000t\000i\000v\000e\000s}{section.6}% 55
\BOOKMARK [2][-]{subsection.6.4}{\376\377\000C\000o\000n\000t\000r\000i\000b\000u\000t\000i\000o\000n\000s}{section.6}% 56
\BOOKMARK [2][-]{subsection.6.5}{\376\377\000L\000i\000m\000i\000t\000a\000t\000i\000o\000n\000s}{section.6}% 57
\BOOKMARK [2][-]{subsection.6.6}{\376\377\000F\000u\000t\000u\000r\000e\000\040\000W\000o\000r\000k}{section.6}% 58
\BOOKMARK [1][-]{section*.67}{\376\377\000R\000e\000f\000e\000r\000e\000n\000c\000e\000s}{}% 59
\BOOKMARK [1][-]{section*.67}{\376\377\000A\000p\000p\000e\000n\000d\000i\000c\000e\000s}{}% 60
\BOOKMARK [1][-]{appendix.a.A}{\376\377\000E\000t\000h\000i\000c\000a\000l\000\040\000A\000p\000p\000r\000o\000v\000a\000l}{}% 61
\BOOKMARK [1][-]{appendix.a.B}{\376\377\000D\000a\000t\000a\000s\000e\000t\000\040\000M\000a\000n\000i\000p\000u\000l\000a\000t\000i\000o\000n}{}% 62
\BOOKMARK [2][-]{subsection.a.B.1}{\376\377\000C\000S\000V\000\040\000C\000o\000m\000b\000i\000n\000e\000r\000\040\000S\000c\000r\000i\000p\000t}{appendix.a.B}% 63
\BOOKMARK [2][-]{subsection.a.B.2}{\376\377\000F\000e\000a\000t\000u\000r\000e\000\040\000E\000x\000t\000r\000a\000c\000t\000i\000o\000n\000\040\000\046\000\040\000R\000e\000d\000u\000c\000t\000i\000o\000n}{appendix.a.B}% 64
\BOOKMARK [1][-]{appendix.a.C}{\376\377\000C\000o\000n\000d\000a\000\040\000E\000n\000v\000i\000r\000o\000n\000m\000e\000n\000t\000s}{}% 65
\BOOKMARK [2][-]{subsection.a.C.1}{\376\377\000N\000e\000u\000r\000a\000l\000\040\000N\000e\000t\000w\000o\000r\000k\000s\000\040\000-\000\040\000A\000p\000p\000l\000e\000\040\000S\000i\000l\000i\000c\000o\000n}{appendix.a.C}% 66
\BOOKMARK [2][-]{subsection.a.C.2}{\376\377\000C\000l\000a\000s\000s\000i\000f\000i\000e\000r\000s}{appendix.a.C}% 67
\BOOKMARK [1][-]{appendix.a.D}{\376\377\000D\000a\000t\000a\000\040\000P\000r\000e\000p\000r\000o\000c\000e\000s\000s\000i\000n\000g}{}% 68
\BOOKMARK [2][-]{subsection.a.D.1}{\376\377\000M\000i\000n\000M\000a\000x\000\040\000S\000c\000a\000l\000i\000n\000g}{appendix.a.D}% 69
\BOOKMARK [2][-]{subsection.a.D.2}{\376\377\000O\000H\000E\000\040\000E\000n\000c\000o\000d\000i\000n\000g}{appendix.a.D}% 70
\BOOKMARK [2][-]{subsection.a.D.3}{\376\377\000L\000a\000b\000e\000l\000\040\000E\000n\000c\000o\000d\000i\000n\000g}{appendix.a.D}% 71
\BOOKMARK [2][-]{subsection.a.D.4}{\376\377\000L\000o\000a\000d\000i\000n\000g\000\040\000D\000a\000t\000a\000s\000e\000t}{appendix.a.D}% 72
\BOOKMARK [1][-]{appendix.a.E}{\376\377\000C\000l\000a\000s\000s\000i\000f\000i\000e\000r\000s}{}% 73
\BOOKMARK [2][-]{subsection.a.E.1}{\376\377\000K\000-\000N\000e\000a\000r\000e\000s\000t\000\040\000N\000e\000i\000g\000h\000b\000o\000r\000\040\000\050\000K\000N\000N\000\051}{appendix.a.E}% 74
\BOOKMARK [2][-]{subsection.a.E.2}{\376\377\000R\000a\000n\000d\000o\000m\000\040\000F\000o\000r\000e\000s\000t}{appendix.a.E}% 75
\BOOKMARK [3][-]{subsubsection.a.E.2.1}{\376\377\000R\000F\000\040\000M\000o\000d\000e\000l\000\040\000I\000D\000\040\0000\000\040\000-\000\040\000R\000a\000w\000\040\000M\000e\000t\000r\000i\000c\000s}{subsection.a.E.2}% 76
\BOOKMARK [3][-]{subsubsection.a.E.2.2}{\376\377\000R\000F\000\040\000M\000o\000d\000e\000l\000\040\000I\000D\000\040\0001\000\040\000-\000\040\000R\000a\000w\000\040\000M\000e\000t\000r\000i\000c\000s}{subsection.a.E.2}% 77
\BOOKMARK [3][-]{subsubsection.a.E.2.3}{\376\377\000R\000F\000\040\000M\000o\000d\000e\000l\000\040\000I\000D\000\040\0002\000\040\000-\000\040\000R\000a\000w\000\040\000M\000e\000t\000r\000i\000c\000s}{subsection.a.E.2}% 78
\BOOKMARK [3][-]{subsubsection.a.E.2.4}{\376\377\000R\000F\000\040\000M\000o\000d\000e\000l\000\040\000I\000D\000\040\0003\000\040\000-\000\040\000R\000a\000w\000\040\000M\000e\000t\000r\000i\000c\000s}{subsection.a.E.2}% 79
\BOOKMARK [3][-]{subsubsection.a.E.2.5}{\376\377\000R\000F\000\040\000M\000o\000d\000e\000l\000\040\000I\000D\000\040\0004\000\040\000-\000\040\000R\000a\000w\000\040\000M\000e\000t\000r\000i\000c\000s}{subsection.a.E.2}% 80
\BOOKMARK [3][-]{subsubsection.a.E.2.6}{\376\377\000R\000F\000\040\000M\000o\000d\000e\000l\000\040\000I\000D\000\040\0005\000\040\000-\000\040\000R\000a\000w\000\040\000M\000e\000t\000r\000i\000c\000s}{subsection.a.E.2}% 81
\BOOKMARK [2][-]{subsection.a.E.3}{\376\377\000X\000G\000B\000o\000o\000s\000t}{appendix.a.E}% 82
\BOOKMARK [3][-]{subsubsection.a.E.3.1}{\376\377\000X\000G\000B\000o\000o\000s\000t\000\040\000M\000o\000d\000e\000l\000\040\0000\000\040\000-\000\040\000R\000a\000w\000\040\000M\000e\000t\000r\000i\000c\000s}{subsection.a.E.3}% 83
\BOOKMARK [3][-]{subsubsection.a.E.3.2}{\376\377\000X\000G\000B\000o\000o\000s\000t\000\040\000M\000o\000d\000e\000l\000\040\0001\000\040\000-\000\040\000R\000a\000w\000\040\000M\000e\000t\000r\000i\000c\000s}{subsection.a.E.3}% 84
\BOOKMARK [3][-]{subsubsection.a.E.3.3}{\376\377\000X\000G\000B\000o\000o\000s\000t\000\040\000M\000o\000d\000e\000l\000\040\0002\000\040\000-\000\040\000R\000a\000w\000\040\000M\000e\000t\000r\000i\000c\000s}{subsection.a.E.3}% 85
\BOOKMARK [3][-]{subsubsection.a.E.3.4}{\376\377\000X\000G\000B\000o\000o\000s\000t\000\040\000M\000o\000d\000e\000l\000\040\0003\000\040\000-\000\040\000R\000a\000w\000\040\000M\000e\000t\000r\000i\000c\000s}{subsection.a.E.3}% 86
\BOOKMARK [3][-]{subsubsection.a.E.3.5}{\376\377\000X\000G\000B\000o\000o\000s\000t\000\040\000M\000o\000d\000e\000l\000\040\0004\000\040\000-\000\040\000R\000a\000w\000\040\000M\000e\000t\000r\000i\000c\000s}{subsection.a.E.3}% 87
\BOOKMARK [3][-]{subsubsection.a.E.3.6}{\376\377\000X\000G\000B\000o\000o\000s\000t\000\040\000M\000o\000d\000e\000l\000\040\0005\000\040\000-\000\040\000R\000a\000w\000\040\000M\000e\000t\000r\000i\000c\000s}{subsection.a.E.3}% 88
\BOOKMARK [3][-]{subsubsection.a.E.3.7}{\376\377\000X\000G\000B\000o\000o\000s\000t\000\040\000M\000o\000d\000e\000l\000\040\0006\000\040\000-\000\040\000R\000a\000w\000\040\000M\000e\000t\000r\000i\000c\000s}{subsection.a.E.3}% 89
\BOOKMARK [3][-]{subsubsection.a.E.3.8}{\376\377\000X\000G\000B\000o\000o\000s\000t\000\040\000M\000o\000d\000e\000l\000\040\0007\000\040\000-\000\040\000R\000a\000w\000\040\000M\000e\000t\000r\000i\000c\000s}{subsection.a.E.3}% 90
\BOOKMARK [3][-]{subsubsection.a.E.3.9}{\376\377\000X\000G\000B\000o\000o\000s\000t\000\040\000M\000o\000d\000e\000l\000\040\0008\000\040\000-\000\040\000R\000a\000w\000\040\000M\000e\000t\000r\000i\000c\000s}{subsection.a.E.3}% 91
\BOOKMARK [3][-]{subsubsection.a.E.3.10}{\376\377\000X\000G\000B\000o\000o\000s\000t\000\040\000M\000o\000d\000e\000l\000\040\0009\000\040\000-\000\040\000R\000a\000w\000\040\000M\000e\000t\000r\000i\000c\000s}{subsection.a.E.3}% 92
\BOOKMARK [3][-]{subsubsection.a.E.3.11}{\376\377\000X\000G\000B\000o\000o\000s\000t\000\040\000M\000o\000d\000e\000l\000\040\0001\0000\000\040\000-\000\040\000R\000a\000w\000\040\000M\000e\000t\000r\000i\000c\000s}{subsection.a.E.3}% 93
\BOOKMARK [3][-]{subsubsection.a.E.3.12}{\376\377\000X\000G\000B\000o\000o\000s\000t\000\040\000M\000o\000d\000e\000l\000\040\0001\0001\000\040\000-\000\040\000R\000a\000w\000\040\000M\000e\000t\000r\000i\000c\000s}{subsection.a.E.3}% 94
\BOOKMARK [1][-]{appendix.a.F}{\376\377\000N\000e\000u\000r\000a\000l\000\040\000N\000e\000t\000w\000o\000r\000k\000s}{}% 95
\BOOKMARK [2][-]{subsubsection.a.F.0.1}{\376\377\000M\000L\000P\000\040\000M\000o\000d\000e\000l\000\040\0000\000\040\000-\000\040\000R\000a\000w\000\040\000M\000e\000t\000r\000i\000c\000s}{appendix.a.F}% 96
\BOOKMARK [3][-]{subsubsection.a.F.0.2}{\376\377\000M\000L\000P\000\040\000M\000o\000d\000e\000l\000\040\0001\000\040\000-\000\040\000R\000a\000w\000\040\000M\000e\000t\000r\000i\000c\000s}{subsubsection.a.F.0.1}% 97
\BOOKMARK [3][-]{subsubsection.a.F.0.3}{\376\377\000M\000L\000P\000\040\000M\000o\000d\000e\000l\000\040\0002\000\040\000-\000\040\000R\000a\000w\000\040\000M\000e\000t\000r\000i\000c\000s}{subsubsection.a.F.0.1}% 98
\BOOKMARK [3][-]{subsubsection.a.F.0.4}{\376\377\000M\000L\000P\000\040\000M\000o\000d\000e\000l\000\040\0003\000\040\000-\000\040\000R\000a\000w\000\040\000M\000e\000t\000r\000i\000c\000s}{subsubsection.a.F.0.1}% 99
\BOOKMARK [3][-]{subsubsection.a.F.0.5}{\376\377\000M\000L\000P\000\040\000M\000o\000d\000e\000l\000\040\0004\000\040\000-\000\040\000R\000a\000w\000\040\000M\000e\000t\000r\000i\000c\000s}{subsubsection.a.F.0.1}% 100
\BOOKMARK [3][-]{subsubsection.a.F.0.6}{\376\377\000M\000L\000P\000\040\000M\000o\000d\000e\000l\000\040\0005\000\040\000-\000\040\000R\000a\000w\000\040\000M\000e\000t\000r\000i\000c\000s}{subsubsection.a.F.0.1}% 101
\BOOKMARK [3][-]{subsubsection.a.F.0.7}{\376\377\000M\000L\000P\000\040\000M\000o\000d\000e\000l\000\040\0006\000\040\000-\000\040\000R\000a\000w\000\040\000M\000e\000t\000r\000i\000c\000s}{subsubsection.a.F.0.1}% 102
\BOOKMARK [3][-]{subsubsection.a.F.0.8}{\376\377\000M\000L\000P\000\040\000M\000o\000d\000e\000l\000\040\0007\000\040\000-\000\040\000R\000a\000w\000\040\000M\000e\000t\000r\000i\000c\000s}{subsubsection.a.F.0.1}% 103
\BOOKMARK [1][-]{appendix.a.G}{\376\377\000M\000o\000d\000e\000l\000\040\000C\000o\000d\000e}{}% 104
\BOOKMARK [2][-]{subsection.a.G.1}{\376\377\000D\000a\000t\000a\000\040\000C\000l\000e\000a\000n\000i\000n\000g}{appendix.a.G}% 105
\BOOKMARK [2][-]{subsection.a.G.2}{\376\377\000D\000a\000t\000a\000\040\000I\000m\000p\000o\000r\000t\000\040\000-\000\040\000C\000o\000d\000e}{appendix.a.G}% 106
\BOOKMARK [2][-]{subsection.a.G.3}{\376\377\000D\000a\000t\000a\000\040\000I\000m\000p\000o\000r\000t\000\040\0002\000\040\000-\000\040\000C\000o\000d\000e}{appendix.a.G}% 107
\BOOKMARK [2][-]{subsection.a.G.4}{\376\377\000R\000F\000\040\000M\000o\000d\000e\000l\000\040\0001\000\040\000-\000\040\000C\000o\000d\000e}{appendix.a.G}% 108
\BOOKMARK [2][-]{subsection.a.G.5}{\376\377\000X\000G\000B\000o\000o\000s\000t\000\040\000M\000o\000d\000e\000l\000\040\0001\0000\000\040\000-\000\040\000C\000o\000d\000e}{appendix.a.G}% 109
\BOOKMARK [2][-]{subsection.a.G.6}{\376\377\000M\000L\000P\000\040\000M\000o\000d\000e\000l\000\040\0004\000\040\000-\000\040\000C\000o\000d\000e}{appendix.a.G}% 110
